2022-04-26 10:31:07 0 [Note] InnoDB: Mutexes and rw_locks use Windows interlocked functions
2022-04-26 10:31:07 0 [Note] InnoDB: Uses event mutexes
2022-04-26 10:31:07 0 [Note] InnoDB: Compressed tables use zlib 1.2.11
2022-04-26 10:31:07 0 [Note] InnoDB: Number of pools: 1
2022-04-26 10:31:07 0 [Note] InnoDB: Using SSE2 crc32 instructions
2022-04-26 10:31:07 0 [Note] InnoDB: Initializing buffer pool, total size = 16M, instances = 1, chunk size = 16M
2022-04-26 10:31:07 0 [Note] InnoDB: Completed initialization of buffer pool
2022-04-26 10:31:08 0 [Note] InnoDB: 128 out of 128 rollback segments are active.
2022-04-26 10:31:08 0 [Note] InnoDB: Creating shared tablespace for temporary tables
2022-04-26 10:31:08 0 [Note] InnoDB: Setting file '\Users\steve\OneDrive\Escritorio\pruebas proyecto\mgmnt\backend\xampp\mysql\data\ibtmp1' size to 12 MB. Physically writing the file full; Please wait ...
2022-04-26 10:31:08 0 [Note] InnoDB: File '\Users\steve\OneDrive\Escritorio\pruebas proyecto\mgmnt\backend\xampp\mysql\data\ibtmp1' size is now 12 MB.
2022-04-26 10:31:08 0 [Note] InnoDB: Waiting for purge to start
2022-04-26 10:31:08 0 [Note] InnoDB: 10.4.21 started; log sequence number 452383; transaction id 905
2022-04-26 10:31:08 0 [Note] InnoDB: Loading buffer pool(s) from C:\Users\steve\OneDrive\Escritorio\pruebas proyecto\mgmnt\backend\xampp\mysql\data\ib_buffer_pool
2022-04-26 10:31:08 0 [Note] Plugin 'FEEDBACK' is disabled.
2022-04-26 10:31:08 0 [Note] Server socket created on IP: '::'.
2022-04-26 15:32:49 0 [Note] InnoDB: Mutexes and rw_locks use Windows interlocked functions
2022-04-26 15:32:49 0 [Note] InnoDB: Uses event mutexes
2022-04-26 15:32:49 0 [Note] InnoDB: Compressed tables use zlib 1.2.11
2022-04-26 15:32:49 0 [Note] InnoDB: Number of pools: 1
2022-04-26 15:32:49 0 [Note] InnoDB: Using SSE2 crc32 instructions
2022-04-26 15:32:49 0 [Note] InnoDB: Initializing buffer pool, total size = 16M, instances = 1, chunk size = 16M
2022-04-26 15:32:49 0 [Note] InnoDB: Completed initialization of buffer pool
2022-04-26 15:32:49 0 [Note] InnoDB: Starting crash recovery from checkpoint LSN=452383
2022-04-26 15:32:49 0 [Note] InnoDB: 128 out of 128 rollback segments are active.
2022-04-26 15:32:49 0 [Note] InnoDB: Removed temporary tablespace data file: "ibtmp1"
2022-04-26 15:32:49 0 [Note] InnoDB: Creating shared tablespace for temporary tables
2022-04-26 15:32:49 0 [Note] InnoDB: Setting file '\Users\steve\OneDrive\Escritorio\pruebas proyecto\mgmnt\backend\xampp\mysql\data\ibtmp1' size to 12 MB. Physically writing the file full; Please wait ...
2022-04-26 15:32:49 0 [Note] InnoDB: File '\Users\steve\OneDrive\Escritorio\pruebas proyecto\mgmnt\backend\xampp\mysql\data\ibtmp1' size is now 12 MB.
2022-04-26 15:32:49 0 [Note] InnoDB: Waiting for purge to start
2022-04-26 15:32:50 0 [Note] InnoDB: 10.4.21 started; log sequence number 452392; transaction id 905
2022-04-26 15:32:50 0 [Note] InnoDB: Loading buffer pool(s) from C:\Users\steve\OneDrive\Escritorio\pruebas proyecto\mgmnt\backend\xampp\mysql\data\ib_buffer_pool
2022-04-26 15:32:50 0 [Note] Plugin 'FEEDBACK' is disabled.
2022-04-26 15:32:50 0 [Note] InnoDB: Buffer pool(s) load completed at 220426 15:32:50
2022-04-26 15:32:50 0 [Note] Server socket created on IP: '::'.
2022-04-27  8:54:36 0 [Note] InnoDB: Mutexes and rw_locks use Windows interlocked functions
2022-04-27  8:54:36 0 [Note] InnoDB: Uses event mutexes
2022-04-27  8:54:36 0 [Note] InnoDB: Compressed tables use zlib 1.2.11
2022-04-27  8:54:36 0 [Note] InnoDB: Number of pools: 1
2022-04-27  8:54:36 0 [Note] InnoDB: Using SSE2 crc32 instructions
2022-04-27  8:54:36 0 [Note] InnoDB: Initializing buffer pool, total size = 16M, instances = 1, chunk size = 16M
2022-04-27  8:54:36 0 [Note] InnoDB: Completed initialization of buffer pool
2022-04-27  8:54:36 0 [Note] InnoDB: Starting crash recovery from checkpoint LSN=452401
2022-04-27  8:54:36 0 [Note] InnoDB: 128 out of 128 rollback segments are active.
2022-04-27  8:54:36 0 [Note] InnoDB: Removed temporary tablespace data file: "ibtmp1"
2022-04-27  8:54:36 0 [Note] InnoDB: Creating shared tablespace for temporary tables
2022-04-27  8:54:36 0 [Note] InnoDB: Setting file '\Users\steve\OneDrive\Escritorio\pruebas proyecto\mgmnt\backend\xampp\mysql\data\ibtmp1' size to 12 MB. Physically writing the file full; Please wait ...
2022-04-27  8:54:36 0 [Note] InnoDB: File '\Users\steve\OneDrive\Escritorio\pruebas proyecto\mgmnt\backend\xampp\mysql\data\ibtmp1' size is now 12 MB.
2022-04-27  8:54:36 0 [Note] InnoDB: Waiting for purge to start
2022-04-27  8:54:36 0 [Note] InnoDB: 10.4.21 started; log sequence number 452410; transaction id 905
2022-04-27  8:54:36 0 [Note] InnoDB: Loading buffer pool(s) from C:\Users\steve\OneDrive\Escritorio\pruebas proyecto\mgmnt\backend\xampp\mysql\data\ib_buffer_pool
2022-04-27  8:54:36 0 [Note] Plugin 'FEEDBACK' is disabled.
2022-04-27  8:54:36 0 [Note] InnoDB: Buffer pool(s) load completed at 220427  8:54:36
2022-04-27  8:54:36 0 [Note] Server socket created on IP: '::'.
2022-04-27 14:48:29 0 [Note] InnoDB: Mutexes and rw_locks use Windows interlocked functions
2022-04-27 14:48:29 0 [Note] InnoDB: Uses event mutexes
2022-04-27 14:48:29 0 [Note] InnoDB: Compressed tables use zlib 1.2.11
2022-04-27 14:48:29 0 [Note] InnoDB: Number of pools: 1
2022-04-27 14:48:29 0 [Note] InnoDB: Using SSE2 crc32 instructions
2022-04-27 14:48:29 0 [Note] InnoDB: Initializing buffer pool, total size = 16M, instances = 1, chunk size = 16M
2022-04-27 14:48:29 0 [Note] InnoDB: Completed initialization of buffer pool
2022-04-27 14:48:29 0 [Note] InnoDB: Starting crash recovery from checkpoint LSN=459369
2022-04-27 14:48:30 0 [Note] InnoDB: 128 out of 128 rollback segments are active.
2022-04-27 14:48:30 0 [Note] InnoDB: Removed temporary tablespace data file: "ibtmp1"
2022-04-27 14:48:30 0 [Note] InnoDB: Creating shared tablespace for temporary tables
2022-04-27 14:48:30 0 [Note] InnoDB: Setting file '\Users\steve\OneDrive\Escritorio\pruebas proyecto\mgmnt\backend\xampp\mysql\data\ibtmp1' size to 12 MB. Physically writing the file full; Please wait ...
2022-04-27 14:48:30 0 [Note] InnoDB: File '\Users\steve\OneDrive\Escritorio\pruebas proyecto\mgmnt\backend\xampp\mysql\data\ibtmp1' size is now 12 MB.
2022-04-27 14:48:30 0 [Note] InnoDB: Waiting for purge to start
2022-04-27 14:48:30 0 [Note] InnoDB: 10.4.21 started; log sequence number 459378; transaction id 957
2022-04-27 14:48:30 0 [Note] InnoDB: Loading buffer pool(s) from C:\Users\steve\OneDrive\Escritorio\pruebas proyecto\mgmnt\backend\xampp\mysql\data\ib_buffer_pool
2022-04-27 14:48:30 0 [Note] Plugin 'FEEDBACK' is disabled.
2022-04-27 14:48:30 0 [Note] InnoDB: Buffer pool(s) load completed at 220427 14:48:30
2022-04-27 14:48:30 0 [Note] Server socket created on IP: '::'.
2022-04-27 16:24:08 0 [Note] InnoDB: Mutexes and rw_locks use Windows interlocked functions
2022-04-27 16:24:08 0 [Note] InnoDB: Uses event mutexes
2022-04-27 16:24:08 0 [Note] InnoDB: Compressed tables use zlib 1.2.11
2022-04-27 16:24:08 0 [Note] InnoDB: Number of pools: 1
2022-04-27 16:24:08 0 [Note] InnoDB: Using SSE2 crc32 instructions
2022-04-27 16:24:08 0 [Note] InnoDB: Initializing buffer pool, total size = 16M, instances = 1, chunk size = 16M
2022-04-27 16:24:08 0 [Note] InnoDB: Completed initialization of buffer pool
2022-04-27 16:24:08 0 [Note] InnoDB: Starting crash recovery from checkpoint LSN=470924
2022-04-27 16:24:08 0 [Note] InnoDB: 128 out of 128 rollback segments are active.
2022-04-27 16:24:08 0 [Note] InnoDB: Removed temporary tablespace data file: "ibtmp1"
2022-04-27 16:24:08 0 [Note] InnoDB: Creating shared tablespace for temporary tables
2022-04-27 16:24:08 0 [Note] InnoDB: Setting file '\Users\steve\OneDrive\Escritorio\pruebas proyecto\mgmnt\backend\xampp\mysql\data\ibtmp1' size to 12 MB. Physically writing the file full; Please wait ...
2022-04-27 16:24:08 0 [Note] InnoDB: File '\Users\steve\OneDrive\Escritorio\pruebas proyecto\mgmnt\backend\xampp\mysql\data\ibtmp1' size is now 12 MB.
2022-04-27 16:24:08 0 [Note] InnoDB: Waiting for purge to start
2022-04-27 16:24:08 0 [Note] InnoDB: 10.4.21 started; log sequence number 470933; transaction id 1007
2022-04-27 16:24:08 0 [Note] InnoDB: Loading buffer pool(s) from C:\Users\steve\OneDrive\Escritorio\pruebas proyecto\mgmnt\backend\xampp\mysql\data\ib_buffer_pool
2022-04-27 16:24:08 0 [Note] Plugin 'FEEDBACK' is disabled.
2022-04-27 16:24:08 0 [Note] Server socket created on IP: '::'.
2022-04-27 18:40:32 0 [Note] InnoDB: Mutexes and rw_locks use Windows interlocked functions
2022-04-27 18:40:32 0 [Note] InnoDB: Uses event mutexes
2022-04-27 18:40:32 0 [Note] InnoDB: Compressed tables use zlib 1.2.11
2022-04-27 18:40:32 0 [Note] InnoDB: Number of pools: 1
2022-04-27 18:40:32 0 [Note] InnoDB: Using SSE2 crc32 instructions
2022-04-27 18:40:32 0 [Note] InnoDB: Initializing buffer pool, total size = 16M, instances = 1, chunk size = 16M
2022-04-27 18:40:32 0 [Note] InnoDB: Completed initialization of buffer pool
2022-04-27 18:40:32 0 [Note] InnoDB: Starting crash recovery from checkpoint LSN=475999
2022-04-27 18:40:33 0 [Note] InnoDB: 128 out of 128 rollback segments are active.
2022-04-27 18:40:33 0 [Note] InnoDB: Removed temporary tablespace data file: "ibtmp1"
2022-04-27 18:40:33 0 [Note] InnoDB: Creating shared tablespace for temporary tables
2022-04-27 18:40:33 0 [Note] InnoDB: Setting file '\Users\steve\OneDrive\Escritorio\pruebas proyecto\mgmnt\backend\xampp\mysql\data\ibtmp1' size to 12 MB. Physically writing the file full; Please wait ...
2022-04-27 18:40:33 0 [Note] InnoDB: File '\Users\steve\OneDrive\Escritorio\pruebas proyecto\mgmnt\backend\xampp\mysql\data\ibtmp1' size is now 12 MB.
2022-04-27 18:40:33 0 [Note] InnoDB: Waiting for purge to start
2022-04-27 18:40:33 0 [Note] InnoDB: 10.4.21 started; log sequence number 476008; transaction id 1048
2022-04-27 18:40:33 0 [Note] InnoDB: Loading buffer pool(s) from C:\Users\steve\OneDrive\Escritorio\pruebas proyecto\mgmnt\backend\xampp\mysql\data\ib_buffer_pool
2022-04-27 18:40:33 0 [Note] Plugin 'FEEDBACK' is disabled.
2022-04-27 18:40:33 0 [Note] Server socket created on IP: '::'.
2022-04-28  8:45:46 0 [Note] InnoDB: Mutexes and rw_locks use Windows interlocked functions
2022-04-28  8:45:46 0 [Note] InnoDB: Uses event mutexes
2022-04-28  8:45:46 0 [Note] InnoDB: Compressed tables use zlib 1.2.11
2022-04-28  8:45:46 0 [Note] InnoDB: Number of pools: 1
2022-04-28  8:45:46 0 [Note] InnoDB: Using SSE2 crc32 instructions
2022-04-28  8:45:46 0 [Note] InnoDB: Initializing buffer pool, total size = 16M, instances = 1, chunk size = 16M
2022-04-28  8:45:46 0 [Note] InnoDB: Completed initialization of buffer pool
2022-04-28  8:45:46 0 [Note] InnoDB: Starting crash recovery from checkpoint LSN=484185
2022-04-28  8:45:46 0 [Note] InnoDB: 128 out of 128 rollback segments are active.
2022-04-28  8:45:46 0 [Note] InnoDB: Removed temporary tablespace data file: "ibtmp1"
2022-04-28  8:45:46 0 [Note] InnoDB: Creating shared tablespace for temporary tables
2022-04-28  8:45:46 0 [Note] InnoDB: Setting file '\Users\steve\OneDrive\Escritorio\pruebas proyecto\mgmnt\backend\xampp\mysql\data\ibtmp1' size to 12 MB. Physically writing the file full; Please wait ...
2022-04-28  8:45:46 0 [Note] InnoDB: File '\Users\steve\OneDrive\Escritorio\pruebas proyecto\mgmnt\backend\xampp\mysql\data\ibtmp1' size is now 12 MB.
2022-04-28  8:45:46 0 [Note] InnoDB: Waiting for purge to start
2022-04-28  8:45:46 0 [Note] InnoDB: 10.4.21 started; log sequence number 484194; transaction id 1095
2022-04-28  8:45:46 0 [Note] InnoDB: Loading buffer pool(s) from C:\Users\steve\OneDrive\Escritorio\pruebas proyecto\mgmnt\backend\xampp\mysql\data\ib_buffer_pool
2022-04-28  8:45:46 0 [Note] Plugin 'FEEDBACK' is disabled.
2022-04-28  8:45:46 0 [Note] InnoDB: Buffer pool(s) load completed at 220428  8:45:46
2022-04-28  8:45:46 0 [Note] Server socket created on IP: '::'.
2022-04-28 12:34:19 0 [Note] InnoDB: Mutexes and rw_locks use Windows interlocked functions
2022-04-28 12:34:19 0 [Note] InnoDB: Uses event mutexes
2022-04-28 12:34:19 0 [Note] InnoDB: Compressed tables use zlib 1.2.11
2022-04-28 12:34:19 0 [Note] InnoDB: Number of pools: 1
2022-04-28 12:34:19 0 [Note] InnoDB: Using SSE2 crc32 instructions
2022-04-28 12:34:19 0 [Note] InnoDB: Initializing buffer pool, total size = 16M, instances = 1, chunk size = 16M
2022-04-28 12:34:19 0 [Note] InnoDB: Completed initialization of buffer pool
2022-04-28 12:34:19 0 [Note] InnoDB: Starting crash recovery from checkpoint LSN=512705
2022-04-28 12:34:19 0 [Note] InnoDB: 128 out of 128 rollback segments are active.
2022-04-28 12:34:19 0 [Note] InnoDB: Removed temporary tablespace data file: "ibtmp1"
2022-04-28 12:34:19 0 [Note] InnoDB: Creating shared tablespace for temporary tables
2022-04-28 12:34:19 0 [Note] InnoDB: Setting file '\Users\steve\OneDrive\Escritorio\pruebas proyecto\mgmnt\backend\xampp\mysql\data\ibtmp1' size to 12 MB. Physically writing the file full; Please wait ...
2022-04-28 12:34:19 0 [Note] InnoDB: File '\Users\steve\OneDrive\Escritorio\pruebas proyecto\mgmnt\backend\xampp\mysql\data\ibtmp1' size is now 12 MB.
2022-04-28 12:34:19 0 [Note] InnoDB: Waiting for purge to start
2022-04-28 12:34:19 0 [Note] InnoDB: 10.4.21 started; log sequence number 512714; transaction id 1201
2022-04-28 12:34:19 0 [Note] InnoDB: Loading buffer pool(s) from C:\Users\steve\OneDrive\Escritorio\pruebas proyecto\mgmnt\backend\xampp\mysql\data\ib_buffer_pool
2022-04-28 12:34:19 0 [Note] Plugin 'FEEDBACK' is disabled.
2022-04-28 12:34:19 0 [Note] InnoDB: Buffer pool(s) load completed at 220428 12:34:19
2022-04-28 12:34:19 0 [Note] Server socket created on IP: '::'.
2022-04-28 14:23:48 0 [Note] InnoDB: Mutexes and rw_locks use Windows interlocked functions
2022-04-28 14:23:48 0 [Note] InnoDB: Uses event mutexes
2022-04-28 14:23:48 0 [Note] InnoDB: Compressed tables use zlib 1.2.11
2022-04-28 14:23:48 0 [Note] InnoDB: Number of pools: 1
2022-04-28 14:23:48 0 [Note] InnoDB: Using SSE2 crc32 instructions
2022-04-28 14:23:48 0 [Note] InnoDB: Initializing buffer pool, total size = 16M, instances = 1, chunk size = 16M
2022-04-28 14:23:48 0 [Note] InnoDB: Completed initialization of buffer pool
2022-04-28 14:23:48 0 [Note] InnoDB: Starting crash recovery from checkpoint LSN=516449
2022-04-28 14:23:48 0 [Note] InnoDB: 128 out of 128 rollback segments are active.
2022-04-28 14:23:48 0 [Note] InnoDB: Removed temporary tablespace data file: "ibtmp1"
2022-04-28 14:23:48 0 [Note] InnoDB: Creating shared tablespace for temporary tables
2022-04-28 14:23:48 0 [Note] InnoDB: Setting file '\Users\steve\OneDrive\Escritorio\pruebas proyecto\mgmnt\backend\xampp\mysql\data\ibtmp1' size to 12 MB. Physically writing the file full; Please wait ...
2022-04-28 14:23:48 0 [Note] InnoDB: File '\Users\steve\OneDrive\Escritorio\pruebas proyecto\mgmnt\backend\xampp\mysql\data\ibtmp1' size is now 12 MB.
2022-04-28 14:23:48 0 [Note] InnoDB: Waiting for purge to start
2022-04-28 14:23:48 0 [Note] InnoDB: 10.4.21 started; log sequence number 516458; transaction id 1219
2022-04-28 14:23:48 0 [Note] InnoDB: Loading buffer pool(s) from C:\Users\steve\OneDrive\Escritorio\pruebas proyecto\mgmnt\backend\xampp\mysql\data\ib_buffer_pool
2022-04-28 14:23:48 0 [Note] Plugin 'FEEDBACK' is disabled.
2022-04-28 14:23:48 0 [Note] InnoDB: Buffer pool(s) load completed at 220428 14:23:48
2022-04-28 14:23:48 0 [Note] Server socket created on IP: '::'.
2022-04-28 14:25:50 0 [Note] InnoDB: Mutexes and rw_locks use Windows interlocked functions
2022-04-28 14:25:50 0 [Note] InnoDB: Uses event mutexes
2022-04-28 14:25:50 0 [Note] InnoDB: Compressed tables use zlib 1.2.11
2022-04-28 14:25:50 0 [Note] InnoDB: Number of pools: 1
2022-04-28 14:25:50 0 [Note] InnoDB: Using SSE2 crc32 instructions
2022-04-28 14:25:50 0 [Note] InnoDB: Initializing buffer pool, total size = 16M, instances = 1, chunk size = 16M
2022-04-28 14:25:50 0 [Note] InnoDB: Completed initialization of buffer pool
2022-04-28 14:25:50 0 [Note] InnoDB: Starting crash recovery from checkpoint LSN=516467
2022-04-28 14:25:51 0 [Note] InnoDB: 128 out of 128 rollback segments are active.
2022-04-28 14:25:51 0 [Note] InnoDB: Removed temporary tablespace data file: "ibtmp1"
2022-04-28 14:25:51 0 [Note] InnoDB: Creating shared tablespace for temporary tables
2022-04-28 14:25:51 0 [Note] InnoDB: Setting file '\Users\steve\OneDrive\Escritorio\pruebas proyecto\mgmnt\backend\xampp\mysql\data\ibtmp1' size to 12 MB. Physically writing the file full; Please wait ...
2022-04-28 14:25:51 0 [Note] InnoDB: File '\Users\steve\OneDrive\Escritorio\pruebas proyecto\mgmnt\backend\xampp\mysql\data\ibtmp1' size is now 12 MB.
2022-04-28 14:25:51 0 [Note] InnoDB: Waiting for purge to start
2022-04-28 14:25:51 0 [Note] InnoDB: 10.4.21 started; log sequence number 516476; transaction id 1219
2022-04-28 14:25:51 0 [Note] InnoDB: Loading buffer pool(s) from C:\Users\steve\OneDrive\Escritorio\pruebas proyecto\mgmnt\backend\xampp\mysql\data\ib_buffer_pool
2022-04-28 14:25:51 0 [Note] Plugin 'FEEDBACK' is disabled.
2022-04-28 14:25:51 0 [Note] Server socket created on IP: '::'.
2022-04-28 15:09:46 0 [Note] InnoDB: Mutexes and rw_locks use Windows interlocked functions
2022-04-28 15:09:46 0 [Note] InnoDB: Uses event mutexes
2022-04-28 15:09:46 0 [Note] InnoDB: Compressed tables use zlib 1.2.11
2022-04-28 15:09:46 0 [Note] InnoDB: Number of pools: 1
2022-04-28 15:09:46 0 [Note] InnoDB: Using SSE2 crc32 instructions
2022-04-28 15:09:46 0 [Note] InnoDB: Initializing buffer pool, total size = 16M, instances = 1, chunk size = 16M
2022-04-28 15:09:46 0 [Note] InnoDB: Completed initialization of buffer pool
2022-04-28 15:09:46 0 [Note] InnoDB: Starting crash recovery from checkpoint LSN=516485
2022-04-28 15:09:46 0 [Note] InnoDB: 128 out of 128 rollback segments are active.
2022-04-28 15:09:46 0 [Note] InnoDB: Removed temporary tablespace data file: "ibtmp1"
2022-04-28 15:09:46 0 [Note] InnoDB: Creating shared tablespace for temporary tables
2022-04-28 15:09:46 0 [Note] InnoDB: Setting file '\Users\steve\OneDrive\Escritorio\pruebas proyecto\mgmnt\backend\xampp\mysql\data\ibtmp1' size to 12 MB. Physically writing the file full; Please wait ...
2022-04-28 15:09:46 0 [Note] InnoDB: File '\Users\steve\OneDrive\Escritorio\pruebas proyecto\mgmnt\backend\xampp\mysql\data\ibtmp1' size is now 12 MB.
2022-04-28 15:09:46 0 [Note] InnoDB: Waiting for purge to start
2022-04-28 15:09:47 0 [Note] InnoDB: 10.4.21 started; log sequence number 516494; transaction id 1219
2022-04-28 15:09:47 0 [Note] InnoDB: Loading buffer pool(s) from C:\Users\steve\OneDrive\Escritorio\pruebas proyecto\mgmnt\backend\xampp\mysql\data\ib_buffer_pool
2022-04-28 15:09:47 0 [Note] Plugin 'FEEDBACK' is disabled.
2022-04-28 15:09:47 0 [Note] InnoDB: Buffer pool(s) load completed at 220428 15:09:47
2022-04-28 15:09:47 0 [Note] Server socket created on IP: '::'.
2022-04-28 15:32:24 0 [Note] InnoDB: Mutexes and rw_locks use Windows interlocked functions
2022-04-28 15:32:24 0 [Note] InnoDB: Uses event mutexes
2022-04-28 15:32:24 0 [Note] InnoDB: Compressed tables use zlib 1.2.11
2022-04-28 15:32:24 0 [Note] InnoDB: Number of pools: 1
2022-04-28 15:32:24 0 [Note] InnoDB: Using SSE2 crc32 instructions
2022-04-28 15:32:24 0 [Note] InnoDB: Initializing buffer pool, total size = 16M, instances = 1, chunk size = 16M
2022-04-28 15:32:24 0 [Note] InnoDB: Completed initialization of buffer pool
2022-04-28 15:32:24 0 [Note] InnoDB: Starting crash recovery from checkpoint LSN=516503
2022-04-28 15:32:24 0 [Note] InnoDB: 128 out of 128 rollback segments are active.
2022-04-28 15:32:24 0 [Note] InnoDB: Removed temporary tablespace data file: "ibtmp1"
2022-04-28 15:32:24 0 [Note] InnoDB: Creating shared tablespace for temporary tables
2022-04-28 15:32:24 0 [Note] InnoDB: Setting file '\Users\steve\OneDrive\Escritorio\pruebas proyecto\mgmnt\backend\xampp\mysql\data\ibtmp1' size to 12 MB. Physically writing the file full; Please wait ...
2022-04-28 15:32:24 0 [Note] InnoDB: File '\Users\steve\OneDrive\Escritorio\pruebas proyecto\mgmnt\backend\xampp\mysql\data\ibtmp1' size is now 12 MB.
2022-04-28 15:32:24 0 [Note] InnoDB: Waiting for purge to start
2022-04-28 15:32:24 0 [Note] InnoDB: 10.4.21 started; log sequence number 516512; transaction id 1219
2022-04-28 15:32:24 0 [Note] InnoDB: Loading buffer pool(s) from C:\Users\steve\OneDrive\Escritorio\pruebas proyecto\mgmnt\backend\xampp\mysql\data\ib_buffer_pool
2022-04-28 15:32:24 0 [Note] Plugin 'FEEDBACK' is disabled.
2022-04-28 15:32:24 0 [Note] InnoDB: Buffer pool(s) load completed at 220428 15:32:24
2022-04-28 15:32:24 0 [Note] Server socket created on IP: '::'.
2022-04-28 18:03:20 0 [Note] InnoDB: Mutexes and rw_locks use Windows interlocked functions
2022-04-28 18:03:20 0 [Note] InnoDB: Uses event mutexes
2022-04-28 18:03:20 0 [Note] InnoDB: Compressed tables use zlib 1.2.11
2022-04-28 18:03:20 0 [Note] InnoDB: Number of pools: 1
2022-04-28 18:03:20 0 [Note] InnoDB: Using SSE2 crc32 instructions
2022-04-28 18:03:20 0 [Note] InnoDB: Initializing buffer pool, total size = 16M, instances = 1, chunk size = 16M
2022-04-28 18:03:20 0 [Note] InnoDB: Completed initialization of buffer pool
2022-04-28 18:03:20 0 [Note] InnoDB: Starting crash recovery from checkpoint LSN=516521
2022-04-28 18:03:20 0 [Note] InnoDB: 128 out of 128 rollback segments are active.
2022-04-28 18:03:20 0 [Note] InnoDB: Removed temporary tablespace data file: "ibtmp1"
2022-04-28 18:03:20 0 [Note] InnoDB: Creating shared tablespace for temporary tables
2022-04-28 18:03:20 0 [Note] InnoDB: Setting file '\Users\steve\OneDrive\Escritorio\pruebas proyecto\mgmnt\backend\xampp\mysql\data\ibtmp1' size to 12 MB. Physically writing the file full; Please wait ...
2022-04-28 18:03:20 0 [Note] InnoDB: File '\Users\steve\OneDrive\Escritorio\pruebas proyecto\mgmnt\backend\xampp\mysql\data\ibtmp1' size is now 12 MB.
2022-04-28 18:03:20 0 [Note] InnoDB: Waiting for purge to start
2022-04-28 18:03:20 0 [Note] InnoDB: 10.4.21 started; log sequence number 516530; transaction id 1219
2022-04-28 18:03:20 0 [Note] InnoDB: Loading buffer pool(s) from C:\Users\steve\OneDrive\Escritorio\pruebas proyecto\mgmnt\backend\xampp\mysql\data\ib_buffer_pool
2022-04-28 18:03:20 0 [Note] Plugin 'FEEDBACK' is disabled.
2022-04-28 18:03:20 0 [Note] InnoDB: Buffer pool(s) load completed at 220428 18:03:20
2022-04-28 18:03:20 0 [Note] Server socket created on IP: '::'.
2022-08-31 14:11:12 0 [Note] InnoDB: Mutexes and rw_locks use Windows interlocked functions
2022-08-31 14:11:12 0 [Note] InnoDB: Uses event mutexes
2022-08-31 14:11:12 0 [Note] InnoDB: Compressed tables use zlib 1.2.11
2022-08-31 14:11:12 0 [Note] InnoDB: Number of pools: 1
2022-08-31 14:11:12 0 [Note] InnoDB: Using SSE2 crc32 instructions
2022-08-31 14:11:12 0 [Note] InnoDB: Initializing buffer pool, total size = 16M, instances = 1, chunk size = 16M
2022-08-31 14:11:12 0 [Note] InnoDB: Completed initialization of buffer pool
2022-08-31 14:11:12 0 [Note] InnoDB: Starting crash recovery from checkpoint LSN=520465
2022-08-31 14:11:12 0 [Note] InnoDB: 128 out of 128 rollback segments are active.
2022-08-31 14:11:12 0 [Note] InnoDB: Removed temporary tablespace data file: "ibtmp1"
2022-08-31 14:11:12 0 [Note] InnoDB: Creating shared tablespace for temporary tables
2022-08-31 14:11:12 0 [Note] InnoDB: Setting file '\Users\steve\OneDrive\Escritorio\repositorio\SistemaInventarios\backend\xampp\mysql\data\ibtmp1' size to 12 MB. Physically writing the file full; Please wait ...
2022-08-31 14:11:12 0 [Note] InnoDB: File '\Users\steve\OneDrive\Escritorio\repositorio\SistemaInventarios\backend\xampp\mysql\data\ibtmp1' size is now 12 MB.
2022-08-31 14:11:12 0 [Note] InnoDB: Waiting for purge to start
2022-08-31 14:11:12 0 [Note] InnoDB: 10.4.21 started; log sequence number 520474; transaction id 1256
2022-08-31 14:11:12 0 [Note] InnoDB: Loading buffer pool(s) from C:\Users\steve\OneDrive\Escritorio\repositorio\SistemaInventarios\backend\xampp\mysql\data\ib_buffer_pool
2022-08-31 14:11:12 0 [Note] Plugin 'FEEDBACK' is disabled.
2022-08-31 14:11:12 0 [Note] InnoDB: Buffer pool(s) load completed at 220831 14:11:12
2022-08-31 14:11:12 0 [Note] Server socket created on IP: '::'.
2022-09-01 18:15:35 0 [Note] InnoDB: Mutexes and rw_locks use Windows interlocked functions
2022-09-01 18:15:35 0 [Note] InnoDB: Uses event mutexes
2022-09-01 18:15:35 0 [Note] InnoDB: Compressed tables use zlib 1.2.11
2022-09-01 18:15:35 0 [Note] InnoDB: Number of pools: 1
2022-09-01 18:15:35 0 [Note] InnoDB: Using SSE2 crc32 instructions
2022-09-01 18:15:35 0 [Note] InnoDB: Initializing buffer pool, total size = 16M, instances = 1, chunk size = 16M
2022-09-01 18:15:35 0 [Note] InnoDB: Completed initialization of buffer pool
2022-09-01 18:15:35 0 [Note] InnoDB: Starting crash recovery from checkpoint LSN=527065
2022-09-01 18:15:35 0 [Note] InnoDB: 128 out of 128 rollback segments are active.
2022-09-01 18:15:35 0 [Note] InnoDB: Removed temporary tablespace data file: "ibtmp1"
2022-09-01 18:15:35 0 [Note] InnoDB: Creating shared tablespace for temporary tables
2022-09-01 18:15:35 0 [Note] InnoDB: Setting file '\Users\steve\OneDrive\Escritorio\repositorio\SistemaInventarios\backend\xampp\mysql\data\ibtmp1' size to 12 MB. Physically writing the file full; Please wait ...
2022-09-01 18:15:35 0 [Note] InnoDB: File '\Users\steve\OneDrive\Escritorio\repositorio\SistemaInventarios\backend\xampp\mysql\data\ibtmp1' size is now 12 MB.
2022-09-01 18:15:35 0 [Note] InnoDB: Waiting for purge to start
2022-09-01 18:15:35 0 [Note] InnoDB: 10.4.21 started; log sequence number 527074; transaction id 1305
2022-09-01 18:15:35 0 [Note] InnoDB: Loading buffer pool(s) from C:\Users\steve\OneDrive\Escritorio\repositorio\SistemaInventarios\backend\xampp\mysql\data\ib_buffer_pool
2022-09-01 18:15:35 0 [Note] Plugin 'FEEDBACK' is disabled.
2022-09-01 18:15:35 0 [Note] InnoDB: Buffer pool(s) load completed at 220901 18:15:35
2022-09-01 18:15:35 0 [Note] Server socket created on IP: '::'.
2022-09-01 18:16:07 0 [Note] InnoDB: Mutexes and rw_locks use Windows interlocked functions
2022-09-01 18:16:07 0 [Note] InnoDB: Uses event mutexes
2022-09-01 18:16:07 0 [Note] InnoDB: Compressed tables use zlib 1.2.11
2022-09-01 18:16:07 0 [Note] InnoDB: Number of pools: 1
2022-09-01 18:16:07 0 [Note] InnoDB: Using SSE2 crc32 instructions
2022-09-01 18:16:07 0 [Note] InnoDB: Initializing buffer pool, total size = 16M, instances = 1, chunk size = 16M
2022-09-01 18:16:07 0 [Note] InnoDB: Completed initialization of buffer pool
2022-09-01 18:16:07 0 [Note] InnoDB: 128 out of 128 rollback segments are active.
2022-09-01 18:16:07 0 [Note] InnoDB: Creating shared tablespace for temporary tables
2022-09-01 18:16:07 0 [Note] InnoDB: Setting file '\Users\steve\OneDrive\Escritorio\repositorio\SistemaInventarios\backend\xampp\mysql\data\ibtmp1' size to 12 MB. Physically writing the file full; Please wait ...
2022-09-01 18:16:07 0 [Note] InnoDB: File '\Users\steve\OneDrive\Escritorio\repositorio\SistemaInventarios\backend\xampp\mysql\data\ibtmp1' size is now 12 MB.
2022-09-01 18:16:07 0 [Note] InnoDB: 10.4.21 started; log sequence number 527083; transaction id 1305
2022-09-01 18:16:07 0 [Note] InnoDB: Loading buffer pool(s) from C:\Users\steve\OneDrive\Escritorio\repositorio\SistemaInventarios\backend\xampp\mysql\data\ib_buffer_pool
2022-09-01 18:16:07 0 [Note] Plugin 'FEEDBACK' is disabled.
2022-09-01 18:16:07 0 [Note] Server socket created on IP: '::'.
2022-09-01 18:16:43 0 [Note] InnoDB: Mutexes and rw_locks use Windows interlocked functions
2022-09-01 18:16:43 0 [Note] InnoDB: Uses event mutexes
2022-09-01 18:16:43 0 [Note] InnoDB: Compressed tables use zlib 1.2.11
2022-09-01 18:16:43 0 [Note] InnoDB: Number of pools: 1
2022-09-01 18:16:43 0 [Note] InnoDB: Using SSE2 crc32 instructions
2022-09-01 18:16:43 0 [Note] InnoDB: Initializing buffer pool, total size = 16M, instances = 1, chunk size = 16M
2022-09-01 18:16:43 0 [Note] InnoDB: Completed initialization of buffer pool
2022-09-01 18:16:43 0 [Note] InnoDB: 128 out of 128 rollback segments are active.
2022-09-01 18:16:43 0 [Note] InnoDB: Creating shared tablespace for temporary tables
2022-09-01 18:16:43 0 [Note] InnoDB: Setting file '\Users\steve\OneDrive\Escritorio\repositorio\SistemaInventarios\backend\xampp\mysql\data\ibtmp1' size to 12 MB. Physically writing the file full; Please wait ...
2022-09-01 18:16:43 0 [Note] InnoDB: File '\Users\steve\OneDrive\Escritorio\repositorio\SistemaInventarios\backend\xampp\mysql\data\ibtmp1' size is now 12 MB.
2022-09-01 18:16:43 0 [Note] InnoDB: Waiting for purge to start
2022-09-01 18:16:43 0 [Note] InnoDB: 10.4.21 started; log sequence number 527092; transaction id 1305
2022-09-01 18:16:43 0 [Note] InnoDB: Loading buffer pool(s) from C:\Users\steve\OneDrive\Escritorio\repositorio\SistemaInventarios\backend\xampp\mysql\data\ib_buffer_pool
2022-09-01 18:16:43 0 [Note] Plugin 'FEEDBACK' is disabled.
2022-09-01 18:16:43 0 [Note] Server socket created on IP: '::'.
