2:08:40 PM  [main] 	Initializing Control Panel
2:08:40 PM  [main] 	Windows Version:  Enterprise  64-bit
2:08:40 PM  [main] 	XAMPP Version: 8.0.10
2:08:40 PM  [main] 	Control Panel Version: 3.3.0  [ Compiled: Apr 6th 2021 ]
2:08:40 PM  [main] 	You are not running with administrator rights! This will work for
2:08:40 PM  [main] 	most application stuff but whenever you do something with services
2:08:40 PM  [main] 	there will be a security dialogue or things will break! So think 
2:08:40 PM  [main] 	about running this application with administrator rights!
2:08:40 PM  [main] 	XAMPP Installation Directory: "c:\users\hsbcad-dev\downloads\xampp\"
2:08:40 PM  [main] 	Checking for prerequisites
2:08:40 PM  [main] 	All prerequisites found
2:08:40 PM  [main] 	Initializing Modules
2:08:40 PM  [main] 	The FileZilla module is disabled
2:08:40 PM  [main] 	The Mercury module is disabled
2:08:40 PM  [main] 	Starting Check-Timer
2:08:40 PM  [main] 	Control Panel Ready
2:08:43 PM  [Apache] 	Attempting to start Apache app...
2:08:44 PM  [Apache] 	Status change detected: running
2:08:45 PM  [Apache] 	Status change detected: stopped
2:08:45 PM  [Apache] 	Error: Apache shutdown unexpectedly.
2:08:45 PM  [Apache] 	This may be due to a blocked port, missing dependencies, 
2:08:45 PM  [Apache] 	improper privileges, a crash, or a shutdown by another method.
2:08:45 PM  [Apache] 	Press the Logs button to view error logs and check
2:08:45 PM  [Apache] 	the Windows Event Viewer for more clues
2:08:45 PM  [Apache] 	If you need more help, copy and post this
2:08:45 PM  [Apache] 	entire log window on the forums
2:09:15 PM  [mysql] 	Attempting to start MySQL app...
2:09:16 PM  [mysql] 	Status change detected: running
2:09:16 PM  [mysql] 	Status change detected: stopped
2:09:16 PM  [mysql] 	Error: MySQL shutdown unexpectedly.
2:09:16 PM  [mysql] 	This may be due to a blocked port, missing dependencies, 
2:09:16 PM  [mysql] 	improper privileges, a crash, or a shutdown by another method.
2:09:16 PM  [mysql] 	Press the Logs button to view error logs and check
2:09:17 PM  [mysql] 	the Windows Event Viewer for more clues
2:09:17 PM  [mysql] 	If you need more help, copy and post this
2:09:17 PM  [mysql] 	entire log window on the forums
2:09:41 PM  [main] 	Deinitializing Modules
2:09:41 PM  [main] 	Deinitializing Control Panel

2:10:22 PM  [main] 	Initializing Control Panel
2:10:22 PM  [main] 	Windows Version:  Enterprise  64-bit
2:10:22 PM  [main] 	XAMPP Version: 8.0.10
2:10:22 PM  [main] 	Control Panel Version: 3.3.0  [ Compiled: Apr 6th 2021 ]
2:10:22 PM  [main] 	You are not running with administrator rights! This will work for
2:10:22 PM  [main] 	most application stuff but whenever you do something with services
2:10:22 PM  [main] 	there will be a security dialogue or things will break! So think 
2:10:22 PM  [main] 	about running this application with administrator rights!
2:10:22 PM  [main] 	XAMPP Installation Directory: "c:\users\hsbcad-dev\downloads\xampp\"
2:10:22 PM  [main] 	Checking for prerequisites
2:10:22 PM  [main] 	All prerequisites found
2:10:22 PM  [main] 	Initializing Modules
2:10:22 PM  [main] 	The FileZilla module is disabled
2:10:22 PM  [main] 	The Mercury module is disabled
2:10:22 PM  [main] 	Starting Check-Timer
2:10:22 PM  [main] 	Control Panel Ready
2:10:24 PM  [mysql] 	Attempting to start MySQL app...
2:10:24 PM  [mysql] 	Status change detected: running
2:10:28 PM  [Apache] 	Attempting to start Apache app...
2:10:29 PM  [Apache] 	Status change detected: running
2:10:36 PM  [mysql] 	Attempting to stop MySQL app...
2:10:37 PM  [mysql] 	Status change detected: stopped
2:10:38 PM  [Apache] 	Attempting to stop Apache (PID: 672)
2:10:38 PM  [Apache] 	Attempting to stop Apache (PID: 33668)
2:10:38 PM  [Apache] 	Status change detected: stopped
2:10:39 PM  [main] 	Deinitializing Modules
2:10:39 PM  [main] 	Deinitializing Control Panel

2:09:50 PM  [main] 	Initializing Control Panel
2:09:50 PM  [main] 	Windows Version:  Enterprise  64-bit
2:09:50 PM  [main] 	XAMPP Version: 8.0.10
2:09:50 PM  [main] 	Control Panel Version: 3.3.0  [ Compiled: Apr 6th 2021 ]
2:09:50 PM  [main] 	You are not running with administrator rights! This will work for
2:09:50 PM  [main] 	most application stuff but whenever you do something with services
2:09:50 PM  [main] 	there will be a security dialogue or things will break! So think 
2:09:50 PM  [main] 	about running this application with administrator rights!
2:09:50 PM  [main] 	XAMPP Installation Directory: "c:\users\hsbcad-dev\downloads\xampp\"
2:09:50 PM  [main] 	Checking for prerequisites
2:09:50 PM  [main] 	All prerequisites found
2:09:50 PM  [main] 	Initializing Modules
2:09:50 PM  [main] 	The FileZilla module is disabled
2:09:50 PM  [main] 	The Mercury module is disabled
2:09:51 PM  [main] 	Starting Check-Timer
2:09:51 PM  [main] 	Control Panel Ready
2:10:24 PM  [mysql] 	Status change detected: running
2:10:29 PM  [Apache] 	Status change detected: running
2:10:37 PM  [mysql] 	Status change detected: stopped
2:10:37 PM  [mysql] 	Error: MySQL shutdown unexpectedly.
2:10:37 PM  [mysql] 	This may be due to a blocked port, missing dependencies, 
2:10:37 PM  [mysql] 	improper privileges, a crash, or a shutdown by another method.
2:10:37 PM  [mysql] 	Press the Logs button to view error logs and check
2:10:37 PM  [mysql] 	the Windows Event Viewer for more clues
2:10:37 PM  [mysql] 	If you need more help, copy and post this
2:10:37 PM  [mysql] 	entire log window on the forums
2:10:38 PM  [Apache] 	Status change detected: stopped
2:10:38 PM  [Apache] 	Error: Apache shutdown unexpectedly.
2:10:38 PM  [Apache] 	This may be due to a blocked port, missing dependencies, 
2:10:38 PM  [Apache] 	improper privileges, a crash, or a shutdown by another method.
2:10:38 PM  [Apache] 	Press the Logs button to view error logs and check
2:10:38 PM  [Apache] 	the Windows Event Viewer for more clues
2:10:38 PM  [Apache] 	If you need more help, copy and post this
2:10:38 PM  [Apache] 	entire log window on the forums
1:21:01 PM  [Apache] 	Status change detected: running
1:21:01 PM  [mysql] 	Status change detected: running
3:04:09 PM  [mysql] 	Status change detected: stopped
3:04:09 PM  [mysql] 	Error: MySQL shutdown unexpectedly.
3:04:09 PM  [mysql] 	This may be due to a blocked port, missing dependencies, 
3:04:09 PM  [mysql] 	improper privileges, a crash, or a shutdown by another method.
3:04:09 PM  [mysql] 	Press the Logs button to view error logs and check
3:04:09 PM  [mysql] 	the Windows Event Viewer for more clues
3:04:09 PM  [mysql] 	If you need more help, copy and post this
3:04:09 PM  [mysql] 	entire log window on the forums
3:04:10 PM  [Apache] 	Status change detected: stopped
3:04:10 PM  [Apache] 	Error: Apache shutdown unexpectedly.
3:04:10 PM  [Apache] 	This may be due to a blocked port, missing dependencies, 
3:04:10 PM  [Apache] 	improper privileges, a crash, or a shutdown by another method.
3:04:10 PM  [Apache] 	Press the Logs button to view error logs and check
3:04:10 PM  [Apache] 	the Windows Event Viewer for more clues
3:04:10 PM  [Apache] 	If you need more help, copy and post this
3:04:10 PM  [Apache] 	entire log window on the forums
3:11:40 PM  [main] 	Deinitializing Modules
3:11:40 PM  [main] 	Deinitializing Control Panel

1:20:55 PM  [main] 	Initializing Control Panel
1:20:55 PM  [main] 	Windows Version:  Enterprise  64-bit
1:20:55 PM  [main] 	XAMPP Version: 8.0.10
1:20:55 PM  [main] 	Control Panel Version: 3.3.0  [ Compiled: Apr 6th 2021 ]
1:20:55 PM  [main] 	You are not running with administrator rights! This will work for
1:20:55 PM  [main] 	most application stuff but whenever you do something with services
1:20:55 PM  [main] 	there will be a security dialogue or things will break! So think 
1:20:55 PM  [main] 	about running this application with administrator rights!
1:20:55 PM  [main] 	XAMPP Installation Directory: "c:\users\hsbcad-dev\downloads\xampp\"
1:20:55 PM  [main] 	Checking for prerequisites
1:20:57 PM  [main] 	All prerequisites found
1:20:57 PM  [main] 	Initializing Modules
1:20:57 PM  [main] 	The FileZilla module is disabled
1:20:57 PM  [main] 	The Mercury module is disabled
1:20:57 PM  [main] 	Starting Check-Timer
1:20:57 PM  [main] 	Control Panel Ready
1:20:59 PM  [Apache] 	Attempting to start Apache app...
1:21:00 PM  [Apache] 	Status change detected: running
1:21:01 PM  [mysql] 	Attempting to start MySQL app...
1:21:01 PM  [mysql] 	Status change detected: running
3:04:09 PM  [mysql] 	Attempting to stop MySQL app...
3:04:09 PM  [mysql] 	Status change detected: stopped
3:04:10 PM  [Apache] 	Attempting to stop Apache (PID: 17072)
3:04:10 PM  [Apache] 	Attempting to stop Apache (PID: 12108)
3:04:10 PM  [Apache] 	Status change detected: stopped
3:11:45 PM  [Apache] 	Attempting to start Apache app...
3:11:46 PM  [Apache] 	Status change detected: running
3:18:03 PM  [Apache] 	Attempting to stop Apache (PID: 37260)
3:18:03 PM  [Apache] 	Attempting to stop Apache (PID: 21368)
3:18:03 PM  [Apache] 	Status change detected: stopped
3:42:53 PM  [main] 	Deinitializing Modules
3:42:53 PM  [main] 	Deinitializing Control Panel

5:51:40 PM  [main] 	Initializing Control Panel
5:51:40 PM  [main] 	Windows Version:  Enterprise  64-bit
5:51:40 PM  [main] 	XAMPP Version: 8.0.10
5:51:40 PM  [main] 	Control Panel Version: 3.3.0  [ Compiled: Apr 6th 2021 ]
5:51:40 PM  [main] 	You are not running with administrator rights! This will work for
5:51:40 PM  [main] 	most application stuff but whenever you do something with services
5:51:40 PM  [main] 	there will be a security dialogue or things will break! So think 
5:51:40 PM  [main] 	about running this application with administrator rights!
5:51:40 PM  [main] 	XAMPP Installation Directory: "c:\hsbcad\mgmnt\backend\xampp\"
5:51:40 PM  [main] 	Checking for prerequisites
5:51:41 PM  [main] 	All prerequisites found
5:51:41 PM  [main] 	Initializing Modules
5:51:41 PM  [Apache] 	XAMPP Apache is already running on port 80
5:51:41 PM  [Apache] 	XAMPP Apache is already running on port 443
5:51:41 PM  [mysql] 	XAMPP MySQL is already running on port 3306
5:51:41 PM  [main] 	The FileZilla module is disabled
5:51:41 PM  [main] 	The Mercury module is disabled
5:51:41 PM  [main] 	Starting Check-Timer
5:51:41 PM  [main] 	Control Panel Ready
5:51:43 PM  [Apache] 	Attempting to stop Apache (PID: 35020)
5:51:43 PM  [Apache] 	Attempting to stop Apache (PID: 30432)
5:51:43 PM  [Apache] 	Status change detected: stopped
5:51:45 PM  [mysql] 	Attempting to stop MySQL app...
5:51:45 PM  [mysql] 	Status change detected: stopped
5:51:52 PM  [main] 	Deinitializing Modules
5:51:52 PM  [main] 	Deinitializing Control Panel

15:13:05  [main] 	Initializing Control Panel
15:13:05  [main] 	Windows Version:  Enterprise  64-bit
15:13:05  [main] 	XAMPP Version: 8.0.10
15:13:05  [main] 	Control Panel Version: 3.3.0  [ Compiled: Apr 6th 2021 ]
15:13:05  [main] 	You are not running with administrator rights! This will work for
15:13:05  [main] 	most application stuff but whenever you do something with services
15:13:05  [main] 	there will be a security dialogue or things will break! So think 
15:13:05  [main] 	about running this application with administrator rights!
15:13:05  [main] 	XAMPP Installation Directory: "c:\users\daniel vacas\documents\proyect\mgmnt\backend\xampp\"
15:13:05  [main] 	WARNING: Your install directory contains spaces.  This may break programs/scripts
15:13:05  [main] 	Checking for prerequisites
15:13:07  [main] 	All prerequisites found
15:13:07  [main] 	Initializing Modules
15:13:07  [main] 	The FileZilla module is disabled
15:13:07  [main] 	The Mercury module is disabled
15:13:07  [main] 	Starting Check-Timer
15:13:07  [main] 	Control Panel Ready
15:13:17  [Apache] 	Attempting to start Apache app...
15:13:17  [Apache] 	Status change detected: running
15:13:24  [Apache] 	Status change detected: stopped
15:13:24  [Apache] 	Error: Apache shutdown unexpectedly.
15:13:24  [Apache] 	This may be due to a blocked port, missing dependencies, 
15:13:24  [Apache] 	improper privileges, a crash, or a shutdown by another method.
15:13:24  [Apache] 	Press the Logs button to view error logs and check
15:13:24  [Apache] 	the Windows Event Viewer for more clues
15:13:24  [Apache] 	If you need more help, copy and post this
15:13:24  [Apache] 	entire log window on the forums
15:13:26  [mysql] 	Attempting to start MySQL app...
15:23:22  [main] 	Deinitializing Modules
15:23:22  [main] 	Deinitializing Control Panel

16:12:33  [main] 	Initializing Control Panel
16:12:33  [main] 	Windows Version:  Enterprise  64-bit
16:12:33  [main] 	XAMPP Version: 8.0.10
16:12:33  [main] 	Control Panel Version: 3.3.0  [ Compiled: Apr 6th 2021 ]
16:12:33  [main] 	You are not running with administrator rights! This will work for
16:12:33  [main] 	most application stuff but whenever you do something with services
16:12:33  [main] 	there will be a security dialogue or things will break! So think 
16:12:33  [main] 	about running this application with administrator rights!
16:12:33  [main] 	XAMPP Installation Directory: "c:\users\daniel vacas\documents\proyect\mgmnt\backend\xampp\"
16:12:33  [main] 	WARNING: Your install directory contains spaces.  This may break programs/scripts
16:12:33  [main] 	Checking for prerequisites
16:12:33  [main] 	All prerequisites found
16:12:33  [main] 	Initializing Modules
16:12:33  [main] 	The FileZilla module is disabled
16:12:33  [main] 	The Mercury module is disabled
16:12:33  [main] 	Starting Check-Timer
16:12:33  [main] 	Control Panel Ready
16:12:35  [mysql] 	Attempting to start MySQL app...
16:12:35  [mysql] 	Status change detected: running
16:12:36  [Apache] 	Attempting to start Apache app...
16:12:36  [Apache] 	Status change detected: running
19:20:53  [mysql] 	Attempting to stop MySQL app...
19:20:54  [mysql] 	Status change detected: stopped
19:20:54  [Apache] 	Attempting to stop Apache (PID: 4688)
19:20:54  [Apache] 	Attempting to stop Apache (PID: 5936)
19:20:54  [Apache] 	Status change detected: stopped
19:21:13  [main] 	Deinitializing Modules
19:21:13  [main] 	Deinitializing Control Panel

15:46:08  [main] 	Initializing Control Panel
15:46:08  [main] 	Windows Version:  Enterprise  64-bit
15:46:08  [main] 	XAMPP Version: 8.0.10
15:46:08  [main] 	Control Panel Version: 3.3.0  [ Compiled: Apr 6th 2021 ]
15:46:08  [main] 	You are not running with administrator rights! This will work for
15:46:08  [main] 	most application stuff but whenever you do something with services
15:46:08  [main] 	there will be a security dialogue or things will break! So think 
15:46:08  [main] 	about running this application with administrator rights!
15:46:08  [main] 	XAMPP Installation Directory: "c:\users\daniel vacas\documents\proyect\mgmnt\backend\xampp\"
15:46:08  [main] 	WARNING: Your install directory contains spaces.  This may break programs/scripts
15:46:08  [main] 	Checking for prerequisites
15:46:08  [main] 	All prerequisites found
15:46:08  [main] 	Initializing Modules
15:46:08  [mysql] 	XAMPP MySQL is already running on port 3306
15:46:08  [main] 	The FileZilla module is disabled
15:46:08  [main] 	The Mercury module is disabled
15:46:08  [main] 	Starting Check-Timer
15:46:08  [main] 	Control Panel Ready
15:46:12  [mysql] 	Attempting to stop MySQL app...
15:46:12  [mysql] 	Status change detected: stopped
15:46:14  [Apache] 	Attempting to start Apache app...
15:46:14  [Apache] 	Status change detected: running
15:47:40  [mysql] 	Attempting to start MySQL app...
15:47:40  [mysql] 	Status change detected: running
15:47:55  [mysql] 	Attempting to stop MySQL app...
15:47:56  [mysql] 	Status change detected: stopped
15:47:56  [Apache] 	Attempting to stop Apache (PID: 1656)
15:47:56  [Apache] 	Attempting to stop Apache (PID: 5944)
15:47:56  [Apache] 	Status change detected: stopped
16:12:35  [mysql] 	Status change detected: running
16:12:36  [Apache] 	Status change detected: running
19:20:54  [mysql] 	Status change detected: stopped
19:20:54  [Apache] 	Status change detected: stopped
19:21:13  [main] 	Deinitializing Modules
19:21:13  [main] 	Deinitializing Control Panel

11:13:42  [main] 	Initializing Control Panel
11:13:42  [main] 	Windows Version:  Enterprise  64-bit
11:13:42  [main] 	XAMPP Version: 8.0.10
11:13:42  [main] 	Control Panel Version: 3.3.0  [ Compiled: Apr 6th 2021 ]
11:13:42  [main] 	You are not running with administrator rights! This will work for
11:13:42  [main] 	most application stuff but whenever you do something with services
11:13:42  [main] 	there will be a security dialogue or things will break! So think 
11:13:42  [main] 	about running this application with administrator rights!
11:13:42  [main] 	XAMPP Installation Directory: "c:\users\daniel vacas\documents\proyect\mgmnt\backend\xampp\"
11:13:42  [main] 	WARNING: Your install directory contains spaces.  This may break programs/scripts
11:13:42  [main] 	Checking for prerequisites
11:13:43  [main] 	All prerequisites found
11:13:44  [main] 	Initializing Modules
11:13:44  [mysql] 	XAMPP MySQL is already running on port 3306
11:13:44  [main] 	The FileZilla module is disabled
11:13:44  [main] 	The Mercury module is disabled
11:13:44  [main] 	Starting Check-Timer
11:13:44  [main] 	Control Panel Ready
11:13:47  [Apache] 	Attempting to start Apache app...
11:13:48  [Apache] 	Status change detected: running
12:29:41  [Apache] 	Attempting to stop Apache (PID: 3020)
12:29:41  [Apache] 	Attempting to stop Apache (PID: 4312)
12:29:41  [Apache] 	Status change detected: stopped
12:29:49  [Apache] 	Attempting to start Apache app...
12:29:49  [Apache] 	Status change detected: running
1:19:13  [main] 	Deinitializing Modules
1:19:13  [main] 	Deinitializing Control Panel

16:27:28  [main] 	Initializing Control Panel
16:27:28  [main] 	Windows Version:  Enterprise  64-bit
16:27:28  [main] 	XAMPP Version: 8.0.10
16:27:28  [main] 	Control Panel Version: 3.3.0  [ Compiled: Apr 6th 2021 ]
16:27:28  [main] 	You are not running with administrator rights! This will work for
16:27:28  [main] 	most application stuff but whenever you do something with services
16:27:28  [main] 	there will be a security dialogue or things will break! So think 
16:27:28  [main] 	about running this application with administrator rights!
16:27:28  [main] 	XAMPP Installation Directory: "c:\users\daniel vacas\documents\proyect\mgmnt\backend\xampp\"
16:27:28  [main] 	WARNING: Your install directory contains spaces.  This may break programs/scripts
16:27:28  [main] 	Checking for prerequisites
16:27:29  [main] 	All prerequisites found
16:27:29  [main] 	Initializing Modules
16:27:29  [main] 	The FileZilla module is disabled
16:27:29  [main] 	The Mercury module is disabled
16:27:29  [main] 	Starting Check-Timer
16:27:29  [main] 	Control Panel Ready
16:27:34  [mysql] 	Attempting to start MySQL app...
16:27:34  [mysql] 	Status change detected: running
16:27:35  [Apache] 	Attempting to start Apache app...
16:27:35  [Apache] 	Status change detected: running
16:32:16  [Apache] 	Status change detected: stopped
16:32:16  [Apache] 	Error: Apache shutdown unexpectedly.
16:32:16  [Apache] 	This may be due to a blocked port, missing dependencies, 
16:32:16  [Apache] 	improper privileges, a crash, or a shutdown by another method.
16:32:16  [Apache] 	Press the Logs button to view error logs and check
16:32:16  [Apache] 	the Windows Event Viewer for more clues
16:32:16  [Apache] 	If you need more help, copy and post this
16:32:16  [Apache] 	entire log window on the forums
16:32:16  [mysql] 	Status change detected: stopped
16:32:16  [mysql] 	Error: MySQL shutdown unexpectedly.
16:32:16  [mysql] 	This may be due to a blocked port, missing dependencies, 
16:32:16  [mysql] 	improper privileges, a crash, or a shutdown by another method.
16:32:16  [mysql] 	Press the Logs button to view error logs and check
16:32:16  [mysql] 	the Windows Event Viewer for more clues
16:32:16  [mysql] 	If you need more help, copy and post this
16:32:16  [mysql] 	entire log window on the forums
16:32:16  [main] 	Deinitializing Modules
16:32:16  [main] 	Deinitializing Control Panel

10:42:39  [main] 	Initializing Control Panel
10:42:39  [main] 	Windows Version:  Home  64-bit
10:42:39  [main] 	XAMPP Version: 8.0.10
10:42:39  [main] 	Control Panel Version: 3.3.0  [ Compiled: Apr 6th 2021 ]
10:42:39  [main] 	You are not running with administrator rights! This will work for
10:42:39  [main] 	most application stuff but whenever you do something with services
10:42:39  [main] 	there will be a security dialogue or things will break! So think 
10:42:39  [main] 	about running this application with administrator rights!
10:42:39  [main] 	XAMPP Installation Directory: "c:\users\steve\onedrive\escritorio\proyecto\mgmnt\backend\xampp\"
10:42:39  [main] 	Checking for prerequisites
10:42:39  [main] 	All prerequisites found
10:42:39  [main] 	Initializing Modules
10:42:39  [main] 	The FileZilla module is disabled
10:42:39  [main] 	The Mercury module is disabled
10:42:39  [main] 	Starting Check-Timer
10:42:39  [main] 	Control Panel Ready
10:42:42  [Apache] 	Attempting to start Apache app...
10:42:42  [Apache] 	Status change detected: running
10:42:45  [mysql] 	Attempting to start MySQL app...
10:42:45  [mysql] 	Status change detected: running
11:04:32  [main] 	Deinitializing Modules
11:04:32  [main] 	Deinitializing Control Panel

13:18:27  [main] 	Initializing Control Panel
13:18:27  [main] 	Windows Version:  Home  64-bit
13:18:27  [main] 	XAMPP Version: 8.0.10
13:18:27  [main] 	Control Panel Version: 3.3.0  [ Compiled: Apr 6th 2021 ]
13:18:27  [main] 	You are not running with administrator rights! This will work for
13:18:27  [main] 	most application stuff but whenever you do something with services
13:18:27  [main] 	there will be a security dialogue or things will break! So think 
13:18:27  [main] 	about running this application with administrator rights!
13:18:27  [main] 	XAMPP Installation Directory: "c:\users\steve\onedrive\escritorio\proyecto\mgmnt\backend\xampp\"
13:18:27  [main] 	Checking for prerequisites
13:18:28  [main] 	All prerequisites found
13:18:28  [main] 	Initializing Modules
13:18:28  [main] 	The FileZilla module is disabled
13:18:28  [main] 	The Mercury module is disabled
13:18:28  [main] 	Starting Check-Timer
13:18:28  [main] 	Control Panel Ready
13:18:31  [Apache] 	Attempting to start Apache app...
13:18:31  [Apache] 	Status change detected: running
13:18:34  [mysql] 	Attempting to start MySQL app...
13:18:34  [mysql] 	Status change detected: running
15:02:35  [Apache] 	Attempting to stop Apache (PID: 9240)
15:02:35  [Apache] 	Attempting to stop Apache (PID: 12164)
15:02:35  [Apache] 	Status change detected: stopped
15:02:35  [mysql] 	Attempting to stop MySQL app...
15:02:35  [mysql] 	Status change detected: stopped
15:02:44  [main] 	Deinitializing Modules
15:02:44  [main] 	Deinitializing Control Panel

09:31:50  [main] 	Initializing Control Panel
09:31:50  [main] 	Windows Version:  Home  64-bit
09:31:50  [main] 	XAMPP Version: 8.0.10
09:31:50  [main] 	Control Panel Version: 3.3.0  [ Compiled: Apr 6th 2021 ]
09:31:50  [main] 	You are not running with administrator rights! This will work for
09:31:50  [main] 	most application stuff but whenever you do something with services
09:31:50  [main] 	there will be a security dialogue or things will break! So think 
09:31:50  [main] 	about running this application with administrator rights!
09:31:50  [main] 	XAMPP Installation Directory: "c:\users\steve\onedrive\escritorio\pruebas proyecto\mgmnt\backend\xampp\"
09:31:50  [main] 	WARNING: Your install directory contains spaces.  This may break programs/scripts
09:31:50  [main] 	Checking for prerequisites
09:31:52  [main] 	All prerequisites found
09:31:52  [main] 	Initializing Modules
09:31:52  [main] 	The FileZilla module is disabled
09:31:52  [main] 	The Mercury module is disabled
09:31:52  [main] 	Starting Check-Timer
09:31:52  [main] 	Control Panel Ready
09:31:54  [Apache] 	Attempting to start Apache app...
09:31:54  [Apache] 	Status change detected: running
09:31:56  [mysql] 	Attempting to start MySQL app...
09:31:56  [mysql] 	Status change detected: running
20:27:08  [main] 	Deinitializing Modules
20:27:08  [main] 	Deinitializing Control Panel

15:42:31  [main] 	Initializing Control Panel
15:42:31  [main] 	Windows Version:  Home  64-bit
15:42:31  [main] 	XAMPP Version: 8.0.10
15:42:31  [main] 	Control Panel Version: 3.3.0  [ Compiled: Apr 6th 2021 ]
15:42:31  [main] 	You are not running with administrator rights! This will work for
15:42:31  [main] 	most application stuff but whenever you do something with services
15:42:31  [main] 	there will be a security dialogue or things will break! So think 
15:42:31  [main] 	about running this application with administrator rights!
15:42:31  [main] 	XAMPP Installation Directory: "c:\users\steve\onedrive\escritorio\pruebas proyecto\mgmnt\backend\xampp\"
15:42:31  [main] 	WARNING: Your install directory contains spaces.  This may break programs/scripts
15:42:31  [main] 	Checking for prerequisites
15:42:33  [main] 	All prerequisites found
15:42:33  [main] 	Initializing Modules
15:42:33  [main] 	The FileZilla module is disabled
15:42:33  [main] 	The Mercury module is disabled
15:42:33  [main] 	Starting Check-Timer
15:42:33  [main] 	Control Panel Ready
15:42:39  [Apache] 	Attempting to start Apache app...
15:42:40  [Apache] 	Status change detected: running
15:42:41  [mysql] 	Attempting to start MySQL app...
15:42:41  [mysql] 	Status change detected: running
16:40:11  [main] 	Deinitializing Modules
16:40:11  [main] 	Deinitializing Control Panel

17:23:08  [main] 	Initializing Control Panel
17:23:08  [main] 	Windows Version:  Home  64-bit
17:23:08  [main] 	XAMPP Version: 8.0.10
17:23:08  [main] 	Control Panel Version: 3.3.0  [ Compiled: Apr 6th 2021 ]
17:23:08  [main] 	You are not running with administrator rights! This will work for
17:23:08  [main] 	most application stuff but whenever you do something with services
17:23:08  [main] 	there will be a security dialogue or things will break! So think 
17:23:08  [main] 	about running this application with administrator rights!
17:23:08  [main] 	XAMPP Installation Directory: "c:\users\steve\onedrive\escritorio\pruebas proyecto\mgmnt\backend\xampp\"
17:23:08  [main] 	WARNING: Your install directory contains spaces.  This may break programs/scripts
17:23:08  [main] 	Checking for prerequisites
17:23:08  [main] 	All prerequisites found
17:23:08  [main] 	Initializing Modules
17:23:08  [main] 	The FileZilla module is disabled
17:23:08  [main] 	The Mercury module is disabled
17:23:08  [main] 	Starting Check-Timer
17:23:08  [main] 	Control Panel Ready
17:23:10  [Apache] 	Attempting to start Apache app...
17:23:10  [Apache] 	Status change detected: running
17:23:10  [mysql] 	Attempting to start MySQL app...
17:23:11  [mysql] 	Status change detected: running
21:11:13  [main] 	Deinitializing Modules
21:11:13  [main] 	Deinitializing Control Panel

09:28:00  [main] 	Initializing Control Panel
09:28:00  [main] 	Windows Version:  Home  64-bit
09:28:00  [main] 	XAMPP Version: 8.0.10
09:28:00  [main] 	Control Panel Version: 3.3.0  [ Compiled: Apr 6th 2021 ]
09:28:00  [main] 	You are not running with administrator rights! This will work for
09:28:00  [main] 	most application stuff but whenever you do something with services
09:28:00  [main] 	there will be a security dialogue or things will break! So think 
09:28:00  [main] 	about running this application with administrator rights!
09:28:00  [main] 	XAMPP Installation Directory: "c:\users\steve\onedrive\escritorio\pruebas proyecto\mgmnt\backend\xampp\"
09:28:00  [main] 	WARNING: Your install directory contains spaces.  This may break programs/scripts
09:28:00  [main] 	Checking for prerequisites
09:28:02  [main] 	All prerequisites found
09:28:02  [main] 	Initializing Modules
09:28:02  [Apache] 	XAMPP Apache is already running on port 80
09:28:02  [Apache] 	XAMPP Apache is already running on port 443
09:28:02  [mysql] 	XAMPP MySQL is already running on port 3306
09:28:02  [main] 	The FileZilla module is disabled
09:28:02  [main] 	The Mercury module is disabled
09:28:02  [main] 	Starting Check-Timer
09:28:02  [main] 	Control Panel Ready
09:28:05  [Apache] 	Status change detected: stopped
09:28:05  [Apache] 	Error: Apache shutdown unexpectedly.
09:28:05  [Apache] 	This may be due to a blocked port, missing dependencies, 
09:28:05  [Apache] 	improper privileges, a crash, or a shutdown by another method.
09:28:05  [Apache] 	Press the Logs button to view error logs and check
09:28:05  [Apache] 	the Windows Event Viewer for more clues
09:28:05  [Apache] 	If you need more help, copy and post this
09:28:05  [Apache] 	entire log window on the forums
09:28:07  [Apache] 	Attempting to start Apache app...
09:28:07  [Apache] 	Status change detected: running
10:54:02  [main] 	Deinitializing Modules
10:54:02  [main] 	Deinitializing Control Panel

09:28:00  [main] 	Initializing Control Panel
09:28:00  [main] 	Windows Version:  Home  64-bit
09:28:00  [main] 	XAMPP Version: 8.0.10
09:28:00  [main] 	Control Panel Version: 3.3.0  [ Compiled: Apr 6th 2021 ]
09:28:00  [main] 	You are not running with administrator rights! This will work for
09:28:00  [main] 	most application stuff but whenever you do something with services
09:28:00  [main] 	there will be a security dialogue or things will break! So think 
09:28:00  [main] 	about running this application with administrator rights!
09:28:00  [main] 	XAMPP Installation Directory: "c:\users\steve\onedrive\escritorio\pruebas proyecto\mgmnt\backend\xampp\"
09:28:00  [main] 	WARNING: Your install directory contains spaces.  This may break programs/scripts
09:28:00  [main] 	Checking for prerequisites
09:28:02  [main] 	All prerequisites found
09:28:02  [main] 	Initializing Modules
09:28:02  [Apache] 	XAMPP Apache is already running on port 80
09:28:02  [Apache] 	XAMPP Apache is already running on port 443
09:28:02  [mysql] 	XAMPP MySQL is already running on port 3306
09:28:02  [main] 	The FileZilla module is disabled
09:28:02  [main] 	The Mercury module is disabled
09:28:02  [main] 	Starting Check-Timer
09:28:02  [main] 	Control Panel Ready
09:28:05  [Apache] 	Status change detected: stopped
09:28:05  [Apache] 	Error: Apache shutdown unexpectedly.
09:28:05  [Apache] 	This may be due to a blocked port, missing dependencies, 
09:28:05  [Apache] 	improper privileges, a crash, or a shutdown by another method.
09:28:05  [Apache] 	Press the Logs button to view error logs and check
09:28:05  [Apache] 	the Windows Event Viewer for more clues
09:28:05  [Apache] 	If you need more help, copy and post this
09:28:05  [Apache] 	entire log window on the forums
09:28:07  [Apache] 	Status change detected: running
12:18:01  [main] 	Deinitializing Modules
12:18:01  [main] 	Deinitializing Control Panel

15:47:42  [main] 	Initializing Control Panel
15:47:42  [main] 	Windows Version:  Home  64-bit
15:47:42  [main] 	XAMPP Version: 8.0.10
15:47:42  [main] 	Control Panel Version: 3.3.0  [ Compiled: Apr 6th 2021 ]
15:47:42  [main] 	You are not running with administrator rights! This will work for
15:47:42  [main] 	most application stuff but whenever you do something with services
15:47:42  [main] 	there will be a security dialogue or things will break! So think 
15:47:42  [main] 	about running this application with administrator rights!
15:47:42  [main] 	XAMPP Installation Directory: "c:\users\steve\onedrive\escritorio\pruebas proyecto\mgmnt\backend\xampp\"
15:47:42  [main] 	WARNING: Your install directory contains spaces.  This may break programs/scripts
15:47:42  [main] 	Checking for prerequisites
15:47:44  [main] 	All prerequisites found
15:47:44  [main] 	Initializing Modules
15:47:44  [Apache] 	XAMPP Apache is already running on port 80
15:47:44  [Apache] 	XAMPP Apache is already running on port 443
15:47:44  [mysql] 	XAMPP MySQL is already running on port 3306
15:47:44  [main] 	The FileZilla module is disabled
15:47:44  [main] 	The Mercury module is disabled
15:47:44  [main] 	Starting Check-Timer
15:47:44  [main] 	Control Panel Ready
16:05:36  [main] 	Deinitializing Modules
16:05:36  [main] 	Deinitializing Control Panel

20:49:44  [main] 	Initializing Control Panel
20:49:44  [main] 	Windows Version:  Home  64-bit
20:49:44  [main] 	XAMPP Version: 8.0.10
20:49:44  [main] 	Control Panel Version: 3.3.0  [ Compiled: Apr 6th 2021 ]
20:49:44  [main] 	You are not running with administrator rights! This will work for
20:49:44  [main] 	most application stuff but whenever you do something with services
20:49:44  [main] 	there will be a security dialogue or things will break! So think 
20:49:44  [main] 	about running this application with administrator rights!
20:49:44  [main] 	XAMPP Installation Directory: "c:\users\steve\onedrive\escritorio\pruebas proyecto\mgmnt\backend\xampp\"
20:49:44  [main] 	WARNING: Your install directory contains spaces.  This may break programs/scripts
20:49:44  [main] 	Checking for prerequisites
20:49:45  [main] 	All prerequisites found
20:49:45  [main] 	Initializing Modules
20:49:45  [main] 	The FileZilla module is disabled
20:49:45  [main] 	The Mercury module is disabled
20:49:45  [main] 	Starting Check-Timer
20:49:45  [main] 	Control Panel Ready
20:49:48  [Apache] 	Attempting to start Apache app...
20:49:48  [Apache] 	Status change detected: running
20:49:49  [mysql] 	Attempting to start MySQL app...
20:49:49  [mysql] 	Status change detected: running
23:32:47  [main] 	Deinitializing Modules
23:32:47  [main] 	Deinitializing Control Panel

12:02:22  [main] 	Initializing Control Panel
12:02:22  [main] 	Windows Version:  Home  64-bit
12:02:22  [main] 	XAMPP Version: 8.0.10
12:02:22  [main] 	Control Panel Version: 3.3.0  [ Compiled: Apr 6th 2021 ]
12:02:22  [main] 	You are not running with administrator rights! This will work for
12:02:22  [main] 	most application stuff but whenever you do something with services
12:02:22  [main] 	there will be a security dialogue or things will break! So think 
12:02:22  [main] 	about running this application with administrator rights!
12:02:22  [main] 	XAMPP Installation Directory: "c:\users\steve\onedrive\escritorio\pruebas proyecto\mgmnt\backend\xampp\"
12:02:22  [main] 	WARNING: Your install directory contains spaces.  This may break programs/scripts
12:02:22  [main] 	Checking for prerequisites
12:02:24  [main] 	All prerequisites found
12:02:24  [main] 	Initializing Modules
12:02:24  [main] 	The FileZilla module is disabled
12:02:24  [main] 	The Mercury module is disabled
12:02:24  [main] 	Starting Check-Timer
12:02:24  [main] 	Control Panel Ready
12:02:26  [Apache] 	Attempting to start Apache app...
12:02:26  [Apache] 	Status change detected: running
12:02:26  [mysql] 	Attempting to start MySQL app...
12:02:26  [mysql] 	Status change detected: running
13:02:50  [Apache] 	Attempting to stop Apache (PID: 14936)
13:02:50  [Apache] 	Attempting to stop Apache (PID: 18304)
13:02:50  [Apache] 	Status change detected: stopped
13:03:22  [Apache] 	Attempting to start Apache app...
13:03:23  [Apache] 	Status change detected: running
13:04:00  [mysql] 	Attempting to stop MySQL app...
13:04:00  [mysql] 	Status change detected: stopped
13:04:01  [Apache] 	Attempting to stop Apache (PID: 1608)
13:04:01  [Apache] 	Attempting to stop Apache (PID: 15140)
13:04:01  [Apache] 	Status change detected: stopped
13:06:24  [mysql] 	Attempting to start MySQL app...
13:06:24  [Apache] 	Attempting to start Apache app...
13:06:24  [Apache] 	Status change detected: running
13:06:24  [mysql] 	Status change detected: running
13:09:03  [mysql] 	Attempting to stop MySQL app...
13:09:03  [mysql] 	Status change detected: stopped
13:09:03  [Apache] 	Attempting to stop Apache (PID: 17624)
13:09:03  [Apache] 	Attempting to stop Apache (PID: 4896)
13:09:03  [Apache] 	Status change detected: stopped
13:09:11  [mysql] 	Attempting to start MySQL app...
13:09:11  [mysql] 	Status change detected: running
13:09:12  [Apache] 	Attempting to start Apache app...
13:09:12  [Apache] 	Status change detected: running
13:27:38  [Apache] 	Attempting to stop Apache (PID: 18340)
13:27:38  [Apache] 	Attempting to stop Apache (PID: 3268)
13:27:38  [Apache] 	Status change detected: stopped
13:27:38  [mysql] 	Attempting to stop MySQL app...
13:27:39  [mysql] 	Status change detected: stopped
13:27:43  [mysql] 	Attempting to start MySQL app...
13:27:43  [mysql] 	Status change detected: running
13:27:44  [Apache] 	Attempting to start Apache app...
13:27:45  [Apache] 	Status change detected: running
13:36:59  [mysql] 	Attempting to stop MySQL app...
13:36:59  [Apache] 	Attempting to stop Apache (PID: 14500)
13:36:59  [Apache] 	Attempting to stop Apache (PID: 13752)
13:36:59  [Apache] 	Status change detected: stopped
13:36:59  [mysql] 	Status change detected: stopped
13:37:44  [mysql] 	Attempting to start MySQL app...
13:37:44  [mysql] 	Status change detected: running
13:37:44  [Apache] 	Attempting to start Apache app...
13:37:45  [Apache] 	Status change detected: running
14:10:21  [Apache] 	Attempting to stop Apache (PID: 17880)
14:10:21  [Apache] 	Attempting to stop Apache (PID: 4504)
14:10:22  [Apache] 	Status change detected: stopped
14:10:34  [Apache] 	Attempting to start Apache app...
14:10:34  [Apache] 	Status change detected: running
14:10:35  [mysql] 	Attempting to stop MySQL app...
14:10:36  [mysql] 	Status change detected: stopped
14:21:51  [mysql] 	Attempting to start MySQL app...
14:21:52  [mysql] 	Status change detected: running
14:21:53  [mysql] 	Status change detected: stopped
14:21:53  [mysql] 	Error: MySQL shutdown unexpectedly.
14:21:53  [mysql] 	This may be due to a blocked port, missing dependencies, 
14:21:53  [mysql] 	improper privileges, a crash, or a shutdown by another method.
14:21:53  [mysql] 	Press the Logs button to view error logs and check
14:21:53  [mysql] 	the Windows Event Viewer for more clues
14:21:53  [mysql] 	If you need more help, copy and post this
14:21:53  [mysql] 	entire log window on the forums
14:24:09  [mysql] 	Attempting to start MySQL app...
14:24:09  [mysql] 	Status change detected: running
14:24:11  [mysql] 	Status change detected: stopped
14:24:11  [mysql] 	Error: MySQL shutdown unexpectedly.
14:24:11  [mysql] 	This may be due to a blocked port, missing dependencies, 
14:24:11  [mysql] 	improper privileges, a crash, or a shutdown by another method.
14:24:11  [mysql] 	Press the Logs button to view error logs and check
14:24:11  [mysql] 	the Windows Event Viewer for more clues
14:24:11  [mysql] 	If you need more help, copy and post this
14:24:11  [mysql] 	entire log window on the forums
14:24:18  [mysql] 	Attempting to start MySQL app...
14:24:18  [mysql] 	Status change detected: running
14:24:20  [mysql] 	Status change detected: stopped
14:24:20  [mysql] 	Error: MySQL shutdown unexpectedly.
14:24:20  [mysql] 	This may be due to a blocked port, missing dependencies, 
14:24:20  [mysql] 	improper privileges, a crash, or a shutdown by another method.
14:24:20  [mysql] 	Press the Logs button to view error logs and check
14:24:20  [mysql] 	the Windows Event Viewer for more clues
14:24:20  [mysql] 	If you need more help, copy and post this
14:24:20  [mysql] 	entire log window on the forums
14:24:23  [main] 	Deinitializing Modules
14:24:23  [main] 	Deinitializing Control Panel

14:24:31  [main] 	Initializing Control Panel
14:24:31  [main] 	Windows Version:  Home  64-bit
14:24:31  [main] 	XAMPP Version: 8.0.10
14:24:31  [main] 	Control Panel Version: 3.3.0  [ Compiled: Apr 6th 2021 ]
14:24:31  [main] 	You are not running with administrator rights! This will work for
14:24:31  [main] 	most application stuff but whenever you do something with services
14:24:31  [main] 	there will be a security dialogue or things will break! So think 
14:24:31  [main] 	about running this application with administrator rights!
14:24:31  [main] 	XAMPP Installation Directory: "c:\users\steve\onedrive\escritorio\pruebas proyecto\mgmnt\backend\xampp\"
14:24:31  [main] 	WARNING: Your install directory contains spaces.  This may break programs/scripts
14:24:31  [main] 	Checking for prerequisites
14:24:33  [main] 	All prerequisites found
14:24:33  [main] 	Initializing Modules
14:24:33  [Apache] 	XAMPP Apache is already running on port 80
14:24:33  [Apache] 	XAMPP Apache is already running on port 443
14:24:33  [main] 	The FileZilla module is disabled
14:24:33  [main] 	The Mercury module is disabled
14:24:33  [main] 	Starting Check-Timer
14:24:33  [main] 	Control Panel Ready
14:24:35  [mysql] 	Attempting to start MySQL app...
14:24:35  [mysql] 	Status change detected: running
14:24:37  [mysql] 	Status change detected: stopped
14:24:37  [mysql] 	Error: MySQL shutdown unexpectedly.
14:24:37  [mysql] 	This may be due to a blocked port, missing dependencies, 
14:24:37  [mysql] 	improper privileges, a crash, or a shutdown by another method.
14:24:37  [mysql] 	Press the Logs button to view error logs and check
14:24:37  [mysql] 	the Windows Event Viewer for more clues
14:24:37  [mysql] 	If you need more help, copy and post this
14:24:37  [mysql] 	entire log window on the forums
14:24:46  [mysql] 	Attempting to start MySQL app...
14:24:47  [mysql] 	Status change detected: running
14:24:48  [mysql] 	Status change detected: stopped
14:24:48  [mysql] 	Error: MySQL shutdown unexpectedly.
14:24:48  [mysql] 	This may be due to a blocked port, missing dependencies, 
14:24:48  [mysql] 	improper privileges, a crash, or a shutdown by another method.
14:24:48  [mysql] 	Press the Logs button to view error logs and check
14:24:48  [mysql] 	the Windows Event Viewer for more clues
14:24:48  [mysql] 	If you need more help, copy and post this
14:24:48  [mysql] 	entire log window on the forums
14:25:00  [mysql] 	Attempting to start MySQL app...
14:25:01  [mysql] 	Status change detected: running
14:25:02  [mysql] 	Status change detected: stopped
14:25:02  [mysql] 	Error: MySQL shutdown unexpectedly.
14:25:02  [mysql] 	This may be due to a blocked port, missing dependencies, 
14:25:02  [mysql] 	improper privileges, a crash, or a shutdown by another method.
14:25:02  [mysql] 	Press the Logs button to view error logs and check
14:25:02  [mysql] 	the Windows Event Viewer for more clues
14:25:02  [mysql] 	If you need more help, copy and post this
14:25:02  [mysql] 	entire log window on the forums
14:27:20  [main] 	Deinitializing Modules
14:27:20  [main] 	Deinitializing Control Panel

14:29:00  [main] 	Initializing Control Panel
14:29:00  [main] 	Windows Version:  Home  64-bit
14:29:00  [main] 	XAMPP Version: 8.0.10
14:29:00  [main] 	Control Panel Version: 3.3.0  [ Compiled: Apr 6th 2021 ]
14:29:00  [main] 	You are not running with administrator rights! This will work for
14:29:00  [main] 	most application stuff but whenever you do something with services
14:29:00  [main] 	there will be a security dialogue or things will break! So think 
14:29:00  [main] 	about running this application with administrator rights!
14:29:00  [main] 	XAMPP Installation Directory: "c:\users\steve\onedrive\escritorio\pruebas proyecto\mgmnt\backend\xampp\"
14:29:00  [main] 	WARNING: Your install directory contains spaces.  This may break programs/scripts
14:29:00  [main] 	Checking for prerequisites
14:29:00  [main] 	All prerequisites found
14:29:00  [main] 	Initializing Modules
14:29:00  [main] 	The FileZilla module is disabled
14:29:00  [main] 	The Mercury module is disabled
14:29:00  [main] 	Starting Check-Timer
14:29:00  [main] 	Control Panel Ready
14:29:02  [Apache] 	Attempting to start Apache app...
14:29:02  [Apache] 	Status change detected: running
14:29:04  [mysql] 	Attempting to start MySQL app...
14:29:04  [mysql] 	Status change detected: running
14:29:05  [mysql] 	Status change detected: stopped
14:29:05  [mysql] 	Error: MySQL shutdown unexpectedly.
14:29:05  [mysql] 	This may be due to a blocked port, missing dependencies, 
14:29:05  [mysql] 	improper privileges, a crash, or a shutdown by another method.
14:29:05  [mysql] 	Press the Logs button to view error logs and check
14:29:05  [mysql] 	the Windows Event Viewer for more clues
14:29:05  [mysql] 	If you need more help, copy and post this
14:29:05  [mysql] 	entire log window on the forums
14:29:13  [mysql] 	Attempting to start MySQL app...
14:29:13  [mysql] 	Status change detected: running
14:29:15  [mysql] 	Status change detected: stopped
14:29:15  [mysql] 	Error: MySQL shutdown unexpectedly.
14:29:15  [mysql] 	This may be due to a blocked port, missing dependencies, 
14:29:15  [mysql] 	improper privileges, a crash, or a shutdown by another method.
14:29:15  [mysql] 	Press the Logs button to view error logs and check
14:29:15  [mysql] 	the Windows Event Viewer for more clues
14:29:15  [mysql] 	If you need more help, copy and post this
14:29:15  [mysql] 	entire log window on the forums
14:29:17  [mysql] 	Attempting to start MySQL app...
14:29:17  [mysql] 	Status change detected: running
14:29:19  [mysql] 	Status change detected: stopped
14:29:19  [mysql] 	Error: MySQL shutdown unexpectedly.
14:29:19  [mysql] 	This may be due to a blocked port, missing dependencies, 
14:29:19  [mysql] 	improper privileges, a crash, or a shutdown by another method.
14:29:19  [mysql] 	Press the Logs button to view error logs and check
14:29:19  [mysql] 	the Windows Event Viewer for more clues
14:29:19  [mysql] 	If you need more help, copy and post this
14:29:19  [mysql] 	entire log window on the forums
14:30:22  [mysql] 	Attempting to start MySQL app...
14:30:22  [mysql] 	Status change detected: running
14:30:24  [mysql] 	Status change detected: stopped
14:30:24  [mysql] 	Error: MySQL shutdown unexpectedly.
14:30:24  [mysql] 	This may be due to a blocked port, missing dependencies, 
14:30:24  [mysql] 	improper privileges, a crash, or a shutdown by another method.
14:30:24  [mysql] 	Press the Logs button to view error logs and check
14:30:24  [mysql] 	the Windows Event Viewer for more clues
14:30:24  [mysql] 	If you need more help, copy and post this
14:30:24  [mysql] 	entire log window on the forums
14:30:26  [mysql] 	Attempting to start MySQL app...
14:30:26  [mysql] 	Status change detected: running
14:30:28  [mysql] 	Status change detected: stopped
14:30:28  [mysql] 	Error: MySQL shutdown unexpectedly.
14:30:28  [mysql] 	This may be due to a blocked port, missing dependencies, 
14:30:28  [mysql] 	improper privileges, a crash, or a shutdown by another method.
14:30:28  [mysql] 	Press the Logs button to view error logs and check
14:30:28  [mysql] 	the Windows Event Viewer for more clues
14:30:28  [mysql] 	If you need more help, copy and post this
14:30:28  [mysql] 	entire log window on the forums
14:31:39  [mysql] 	Attempting to start MySQL app...
14:31:39  [mysql] 	Status change detected: running
14:31:40  [mysql] 	Status change detected: stopped
14:31:40  [mysql] 	Error: MySQL shutdown unexpectedly.
14:31:40  [mysql] 	This may be due to a blocked port, missing dependencies, 
14:31:40  [mysql] 	improper privileges, a crash, or a shutdown by another method.
14:31:40  [mysql] 	Press the Logs button to view error logs and check
14:31:40  [mysql] 	the Windows Event Viewer for more clues
14:31:40  [mysql] 	If you need more help, copy and post this
14:31:40  [mysql] 	entire log window on the forums
14:31:41  [Apache] 	Attempting to stop Apache (PID: 2604)
14:31:41  [Apache] 	Attempting to stop Apache (PID: 12212)
14:31:41  [Apache] 	Status change detected: stopped
14:31:44  [main] 	Deinitializing Modules
14:31:44  [main] 	Deinitializing Control Panel

14:32:08  [main] 	Initializing Control Panel
14:32:08  [main] 	Windows Version:  Home  64-bit
14:32:08  [main] 	XAMPP Version: 8.0.10
14:32:08  [main] 	Control Panel Version: 3.3.0  [ Compiled: Apr 6th 2021 ]
14:32:08  [main] 	You are not running with administrator rights! This will work for
14:32:08  [main] 	most application stuff but whenever you do something with services
14:32:08  [main] 	there will be a security dialogue or things will break! So think 
14:32:08  [main] 	about running this application with administrator rights!
14:32:08  [main] 	XAMPP Installation Directory: "c:\users\steve\onedrive\escritorio\pruebas proyecto\mgmnt\backend\xampp\"
14:32:08  [main] 	WARNING: Your install directory contains spaces.  This may break programs/scripts
14:32:08  [main] 	Checking for prerequisites
14:32:08  [main] 	All prerequisites found
14:32:08  [main] 	Initializing Modules
14:32:08  [main] 	The FileZilla module is disabled
14:32:08  [main] 	The Mercury module is disabled
14:32:08  [main] 	Starting Check-Timer
14:32:08  [main] 	Control Panel Ready
14:32:10  [Apache] 	Attempting to start Apache app...
14:32:10  [Apache] 	Status change detected: running
14:32:12  [mysql] 	Attempting to start MySQL app...
14:32:12  [mysql] 	Status change detected: running
14:40:30  [mysql] 	Attempting to stop MySQL app...
14:40:30  [mysql] 	Status change detected: stopped
14:40:32  [Apache] 	Attempting to stop Apache (PID: 2468)
14:40:32  [Apache] 	Attempting to stop Apache (PID: 7760)
14:40:32  [Apache] 	Status change detected: stopped
14:40:38  [main] 	Deinitializing Modules
14:40:38  [main] 	Deinitializing Control Panel

14:43:22  [main] 	Initializing Control Panel
14:43:22  [main] 	Windows Version:  Home  64-bit
14:43:22  [main] 	XAMPP Version: 8.0.10
14:43:22  [main] 	Control Panel Version: 3.3.0  [ Compiled: Apr 6th 2021 ]
14:43:22  [main] 	You are not running with administrator rights! This will work for
14:43:22  [main] 	most application stuff but whenever you do something with services
14:43:22  [main] 	there will be a security dialogue or things will break! So think 
14:43:22  [main] 	about running this application with administrator rights!
14:43:22  [main] 	XAMPP Installation Directory: "c:\users\steve\onedrive\escritorio\pruebas proyecto\mgmnt\backend\xampp\"
14:43:22  [main] 	WARNING: Your install directory contains spaces.  This may break programs/scripts
14:43:22  [main] 	Checking for prerequisites
14:43:22  [main] 	All prerequisites found
14:43:22  [main] 	Initializing Modules
14:43:22  [main] 	The FileZilla module is disabled
14:43:22  [main] 	The Mercury module is disabled
14:43:22  [main] 	Starting Check-Timer
14:43:22  [main] 	Control Panel Ready
14:43:24  [mysql] 	Attempting to start MySQL app...
14:43:25  [mysql] 	Status change detected: running
14:43:43  [Apache] 	Attempting to start Apache app...
14:43:43  [Apache] 	Status change detected: running
14:57:46  [mysql] 	Attempting to stop MySQL app...
14:57:46  [mysql] 	Status change detected: stopped
14:57:47  [Apache] 	Attempting to stop Apache (PID: 4804)
14:57:47  [Apache] 	Attempting to stop Apache (PID: 15480)
14:57:47  [Apache] 	Status change detected: stopped
14:57:51  [mysql] 	Attempting to start MySQL app...
14:57:51  [mysql] 	Status change detected: running
14:57:54  [Apache] 	Attempting to start Apache app...
14:57:54  [Apache] 	Status change detected: running
15:16:55  [main] 	Deinitializing Modules
15:16:55  [main] 	Deinitializing Control Panel

15:47:50  [main] 	Initializing Control Panel
15:47:50  [main] 	Windows Version:  Home  64-bit
15:47:50  [main] 	XAMPP Version: 8.0.10
15:47:50  [main] 	Control Panel Version: 3.3.0  [ Compiled: Apr 6th 2021 ]
15:47:50  [main] 	You are not running with administrator rights! This will work for
15:47:50  [main] 	most application stuff but whenever you do something with services
15:47:50  [main] 	there will be a security dialogue or things will break! So think 
15:47:50  [main] 	about running this application with administrator rights!
15:47:50  [main] 	XAMPP Installation Directory: "c:\users\steve\onedrive\escritorio\pruebas proyecto\mgmnt\backend\xampp\"
15:47:50  [main] 	WARNING: Your install directory contains spaces.  This may break programs/scripts
15:47:50  [main] 	Checking for prerequisites
15:47:52  [main] 	All prerequisites found
15:47:52  [main] 	Initializing Modules
15:47:52  [main] 	The FileZilla module is disabled
15:47:52  [main] 	The Mercury module is disabled
15:47:52  [main] 	Starting Check-Timer
15:47:52  [main] 	Control Panel Ready
15:47:56  [Apache] 	Attempting to start Apache app...
15:47:56  [Apache] 	Status change detected: running
15:48:00  [mysql] 	Attempting to start MySQL app...
15:48:00  [mysql] 	Status change detected: running
16:00:18  [mysql] 	Attempting to stop MySQL app...
16:00:18  [mysql] 	Status change detected: stopped
16:00:19  [Apache] 	Attempting to stop Apache (PID: 4944)
16:00:19  [Apache] 	Attempting to stop Apache (PID: 11532)
16:00:19  [Apache] 	Status change detected: stopped
16:00:30  [main] 	Deinitializing Modules
16:00:30  [main] 	Deinitializing Control Panel

19:10:55  [main] 	Initializing Control Panel
19:10:55  [main] 	Windows Version:  Home  64-bit
19:10:55  [main] 	XAMPP Version: 8.0.10
19:10:55  [main] 	Control Panel Version: 3.3.0  [ Compiled: Apr 6th 2021 ]
19:10:55  [main] 	You are not running with administrator rights! This will work for
19:10:55  [main] 	most application stuff but whenever you do something with services
19:10:55  [main] 	there will be a security dialogue or things will break! So think 
19:10:55  [main] 	about running this application with administrator rights!
19:10:55  [main] 	XAMPP Installation Directory: "c:\users\steve\onedrive\escritorio\pruebas proyecto\mgmnt\backend\xampp\"
19:10:55  [main] 	WARNING: Your install directory contains spaces.  This may break programs/scripts
19:10:55  [main] 	Checking for prerequisites
19:10:56  [main] 	All prerequisites found
19:10:56  [main] 	Initializing Modules
19:10:56  [main] 	The FileZilla module is disabled
19:10:56  [main] 	The Mercury module is disabled
19:10:56  [main] 	Starting Check-Timer
19:10:56  [main] 	Control Panel Ready
19:10:57  [Apache] 	Attempting to start Apache app...
19:10:58  [Apache] 	Status change detected: running
19:11:01  [mysql] 	Attempting to start MySQL app...
19:11:02  [mysql] 	Status change detected: running
19:52:14  [mysql] 	Attempting to stop MySQL app...
19:52:14  [mysql] 	Status change detected: stopped
19:52:15  [Apache] 	Attempting to stop Apache (PID: 11868)
19:52:15  [Apache] 	Attempting to stop Apache (PID: 6500)
19:52:16  [Apache] 	Status change detected: stopped
19:52:29  [Apache] 	Attempting to start Apache app...
19:52:29  [Apache] 	Status change detected: running
19:52:31  [mysql] 	Attempting to start MySQL app...
19:52:31  [mysql] 	Status change detected: running
20:25:40  [mysql] 	Attempting to stop MySQL app...
20:25:40  [mysql] 	Status change detected: stopped
20:25:40  [Apache] 	Attempting to stop Apache (PID: 4012)
20:25:40  [Apache] 	Attempting to stop Apache (PID: 6840)
20:25:41  [Apache] 	Status change detected: stopped
20:25:54  [mysql] 	Attempting to start MySQL app...
20:25:54  [mysql] 	Status change detected: running
20:25:55  [Apache] 	Attempting to start Apache app...
20:25:55  [Apache] 	Status change detected: running
20:49:07  [mysql] 	Attempting to stop MySQL app...
20:49:07  [mysql] 	Status change detected: stopped
20:49:07  [Apache] 	Attempting to stop Apache (PID: 7452)
20:49:07  [Apache] 	Attempting to stop Apache (PID: 9532)
20:49:07  [Apache] 	Status change detected: stopped
20:49:09  [mysql] 	Attempting to start MySQL app...
20:49:10  [mysql] 	Status change detected: running
20:49:10  [Apache] 	Attempting to start Apache app...
20:49:11  [Apache] 	Status change detected: running
21:15:44  [Apache] 	Attempting to stop Apache (PID: 4844)
21:15:44  [Apache] 	Attempting to stop Apache (PID: 10748)
21:15:44  [Apache] 	Status change detected: stopped
21:15:45  [mysql] 	Attempting to stop MySQL app...
21:15:45  [mysql] 	Status change detected: stopped
21:15:49  [mysql] 	Attempting to start MySQL app...
21:15:50  [mysql] 	Status change detected: running
21:15:51  [Apache] 	Attempting to start Apache app...
21:15:51  [Apache] 	Status change detected: running
21:15:51  [mysql] 	Status change detected: stopped
21:15:51  [mysql] 	Error: MySQL shutdown unexpectedly.
21:15:51  [mysql] 	This may be due to a blocked port, missing dependencies, 
21:15:51  [mysql] 	improper privileges, a crash, or a shutdown by another method.
21:15:51  [mysql] 	Press the Logs button to view error logs and check
21:15:51  [mysql] 	the Windows Event Viewer for more clues
21:15:51  [mysql] 	If you need more help, copy and post this
21:15:51  [mysql] 	entire log window on the forums
21:15:54  [mysql] 	Attempting to start MySQL app...
21:15:54  [mysql] 	Status change detected: running
21:15:55  [mysql] 	Status change detected: stopped
21:15:55  [mysql] 	Error: MySQL shutdown unexpectedly.
21:15:55  [mysql] 	This may be due to a blocked port, missing dependencies, 
21:15:55  [mysql] 	improper privileges, a crash, or a shutdown by another method.
21:15:55  [mysql] 	Press the Logs button to view error logs and check
21:15:55  [mysql] 	the Windows Event Viewer for more clues
21:15:55  [mysql] 	If you need more help, copy and post this
21:15:55  [mysql] 	entire log window on the forums
21:16:02  [mysql] 	Attempting to start MySQL app...
21:16:02  [mysql] 	Status change detected: running
21:16:04  [mysql] 	Status change detected: stopped
21:16:04  [mysql] 	Error: MySQL shutdown unexpectedly.
21:16:04  [mysql] 	This may be due to a blocked port, missing dependencies, 
21:16:04  [mysql] 	improper privileges, a crash, or a shutdown by another method.
21:16:04  [mysql] 	Press the Logs button to view error logs and check
21:16:04  [mysql] 	the Windows Event Viewer for more clues
21:16:04  [mysql] 	If you need more help, copy and post this
21:16:04  [mysql] 	entire log window on the forums
21:16:11  [Apache] 	Attempting to stop Apache (PID: 14300)
21:16:11  [Apache] 	Attempting to stop Apache (PID: 1272)
21:16:11  [Apache] 	Status change detected: stopped
21:16:49  [mysql] 	Attempting to start MySQL app...
21:16:49  [mysql] 	Status change detected: running
21:16:53  [Apache] 	Attempting to start Apache app...
21:16:53  [Apache] 	Status change detected: running
21:18:00  [mysql] 	Attempting to stop MySQL app...
21:18:01  [mysql] 	Status change detected: stopped
21:18:11  [Apache] 	Attempting to stop Apache (PID: 14932)
21:18:11  [Apache] 	Attempting to stop Apache (PID: 12200)
21:18:11  [Apache] 	Status change detected: stopped
21:19:03  [mysql] 	Attempting to start MySQL app...
21:19:04  [mysql] 	Status change detected: running
21:19:04  [Apache] 	Attempting to start Apache app...
21:19:04  [Apache] 	Status change detected: running
21:24:44  [mysql] 	Attempting to stop MySQL app...
21:24:44  [mysql] 	Status change detected: stopped
21:24:44  [Apache] 	Attempting to stop Apache (PID: 11040)
21:24:44  [Apache] 	Attempting to stop Apache (PID: 13564)
21:24:44  [Apache] 	Status change detected: stopped
21:26:05  [mysql] 	Attempting to start MySQL app...
21:26:05  [mysql] 	Status change detected: running
21:26:06  [Apache] 	Attempting to start Apache app...
21:26:06  [Apache] 	Status change detected: running
21:26:07  [mysql] 	Status change detected: stopped
21:26:07  [mysql] 	Error: MySQL shutdown unexpectedly.
21:26:07  [mysql] 	This may be due to a blocked port, missing dependencies, 
21:26:07  [mysql] 	improper privileges, a crash, or a shutdown by another method.
21:26:07  [mysql] 	Press the Logs button to view error logs and check
21:26:07  [mysql] 	the Windows Event Viewer for more clues
21:26:07  [mysql] 	If you need more help, copy and post this
21:26:07  [mysql] 	entire log window on the forums
21:26:10  [mysql] 	Attempting to start MySQL app...
21:26:11  [mysql] 	Status change detected: running
21:26:12  [mysql] 	Status change detected: stopped
21:26:12  [mysql] 	Error: MySQL shutdown unexpectedly.
21:26:12  [mysql] 	This may be due to a blocked port, missing dependencies, 
21:26:12  [mysql] 	improper privileges, a crash, or a shutdown by another method.
21:26:12  [mysql] 	Press the Logs button to view error logs and check
21:26:12  [mysql] 	the Windows Event Viewer for more clues
21:26:12  [mysql] 	If you need more help, copy and post this
21:26:12  [mysql] 	entire log window on the forums
21:26:33  [mysql] 	Attempting to start MySQL app...
21:26:33  [mysql] 	Status change detected: running
21:37:47  [mysql] 	Attempting to stop MySQL app...
21:37:47  [mysql] 	Status change detected: stopped
21:37:48  [Apache] 	Attempting to stop Apache (PID: 4380)
21:37:48  [Apache] 	Attempting to stop Apache (PID: 13556)
21:37:49  [Apache] 	Status change detected: stopped
21:37:51  [mysql] 	Attempting to start MySQL app...
21:37:52  [mysql] 	Status change detected: running
21:37:54  [Apache] 	Attempting to start Apache app...
21:37:55  [Apache] 	Status change detected: running
21:38:40  [mysql] 	Attempting to stop MySQL app...
21:38:41  [mysql] 	Status change detected: stopped
21:38:41  [Apache] 	Attempting to stop Apache (PID: 4604)
21:38:41  [Apache] 	Attempting to stop Apache (PID: 14908)
21:38:42  [Apache] 	Status change detected: stopped
21:40:48  [mysql] 	Attempting to start MySQL app...
21:40:49  [mysql] 	Status change detected: running
21:40:51  [Apache] 	Attempting to start Apache app...
21:40:51  [Apache] 	Status change detected: running
21:43:56  [mysql] 	Attempting to stop MySQL app...
21:43:56  [mysql] 	Status change detected: stopped
21:43:57  [Apache] 	Attempting to stop Apache (PID: 6156)
21:43:57  [Apache] 	Attempting to stop Apache (PID: 4916)
21:43:57  [Apache] 	Status change detected: stopped
00:22:21  [main] 	Deinitializing Modules
00:22:21  [main] 	Deinitializing Control Panel

08:15:20  [main] 	Initializing Control Panel
08:15:20  [main] 	Windows Version:  Home  64-bit
08:15:20  [main] 	XAMPP Version: 8.0.10
08:15:20  [main] 	Control Panel Version: 3.3.0  [ Compiled: Apr 6th 2021 ]
08:15:20  [main] 	You are not running with administrator rights! This will work for
08:15:20  [main] 	most application stuff but whenever you do something with services
08:15:20  [main] 	there will be a security dialogue or things will break! So think 
08:15:20  [main] 	about running this application with administrator rights!
08:15:20  [main] 	XAMPP Installation Directory: "c:\users\steve\onedrive\escritorio\pruebas proyecto\mgmnt\backend\xampp\"
08:15:20  [main] 	WARNING: Your install directory contains spaces.  This may break programs/scripts
08:15:20  [main] 	Checking for prerequisites
08:15:22  [main] 	All prerequisites found
08:15:22  [main] 	Initializing Modules
08:15:22  [main] 	The FileZilla module is disabled
08:15:22  [main] 	The Mercury module is disabled
08:15:22  [main] 	Starting Check-Timer
08:15:22  [main] 	Control Panel Ready
08:15:25  [Apache] 	Attempting to start Apache app...
08:15:26  [Apache] 	Status change detected: running
08:15:28  [mysql] 	Attempting to start MySQL app...
08:15:28  [mysql] 	Status change detected: running
08:18:17  [mysql] 	Attempting to stop MySQL app...
08:18:18  [Apache] 	Attempting to stop Apache (PID: 12048)
08:18:18  [Apache] 	Attempting to stop Apache (PID: 11992)
08:18:18  [Apache] 	Status change detected: stopped
08:18:18  [mysql] 	Status change detected: stopped
08:18:22  [mysql] 	Attempting to start MySQL app...
08:18:22  [mysql] 	Status change detected: running
08:18:23  [Apache] 	Attempting to start Apache app...
08:18:24  [Apache] 	Status change detected: running
08:24:21  [Apache] 	Attempting to stop Apache (PID: 3064)
08:24:21  [Apache] 	Attempting to stop Apache (PID: 7520)
08:24:22  [Apache] 	Status change detected: stopped
08:24:22  [mysql] 	Attempting to stop MySQL app...
08:24:22  [mysql] 	Status change detected: stopped
08:37:29  [mysql] 	Attempting to start MySQL app...
08:37:29  [mysql] 	Status change detected: running
08:37:29  [Apache] 	Attempting to start Apache app...
08:37:30  [Apache] 	Status change detected: running
08:47:48  [mysql] 	Attempting to stop MySQL app...
08:47:48  [mysql] 	Status change detected: stopped
08:47:48  [Apache] 	Attempting to stop Apache (PID: 5608)
08:47:48  [Apache] 	Attempting to stop Apache (PID: 2136)
08:47:49  [Apache] 	Status change detected: stopped
08:56:08  [Apache] 	Attempting to start Apache app...
08:56:08  [Apache] 	Status change detected: running
08:56:10  [mysql] 	Attempting to start MySQL app...
08:56:10  [mysql] 	Status change detected: running
09:00:08  [mysql] 	Attempting to stop MySQL app...
09:00:08  [mysql] 	Status change detected: stopped
09:00:09  [Apache] 	Attempting to stop Apache (PID: 3964)
09:00:09  [Apache] 	Attempting to stop Apache (PID: 528)
09:00:09  [Apache] 	Status change detected: stopped
09:00:32  [mysql] 	Attempting to start MySQL app...
09:00:32  [mysql] 	Status change detected: running
09:00:34  [mysql] 	Status change detected: stopped
09:00:34  [mysql] 	Error: MySQL shutdown unexpectedly.
09:00:34  [mysql] 	This may be due to a blocked port, missing dependencies, 
09:00:34  [mysql] 	improper privileges, a crash, or a shutdown by another method.
09:00:34  [mysql] 	Press the Logs button to view error logs and check
09:00:34  [mysql] 	the Windows Event Viewer for more clues
09:00:34  [mysql] 	If you need more help, copy and post this
09:00:34  [mysql] 	entire log window on the forums
09:00:35  [Apache] 	Attempting to start Apache app...
09:00:35  [Apache] 	Status change detected: running
09:00:38  [mysql] 	Attempting to start MySQL app...
09:00:38  [mysql] 	Status change detected: running
09:00:40  [mysql] 	Status change detected: stopped
09:00:40  [mysql] 	Error: MySQL shutdown unexpectedly.
09:00:40  [mysql] 	This may be due to a blocked port, missing dependencies, 
09:00:40  [mysql] 	improper privileges, a crash, or a shutdown by another method.
09:00:40  [mysql] 	Press the Logs button to view error logs and check
09:00:40  [mysql] 	the Windows Event Viewer for more clues
09:00:40  [mysql] 	If you need more help, copy and post this
09:00:40  [mysql] 	entire log window on the forums
09:00:41  [Apache] 	Attempting to stop Apache (PID: 11972)
09:00:41  [Apache] 	Attempting to stop Apache (PID: 12408)
09:00:41  [Apache] 	Status change detected: stopped
09:01:08  [mysql] 	Attempting to start MySQL app...
09:01:08  [Apache] 	Attempting to start Apache app...
09:01:08  [Apache] 	Status change detected: running
09:01:08  [mysql] 	Status change detected: running
09:03:08  [mysql] 	Attempting to stop MySQL app...
09:03:09  [mysql] 	Status change detected: stopped
09:03:09  [Apache] 	Attempting to stop Apache (PID: 5592)
09:03:09  [Apache] 	Attempting to stop Apache (PID: 12120)
09:03:09  [Apache] 	Status change detected: stopped
09:03:11  [Apache] 	Attempting to start Apache app...
09:03:11  [Apache] 	Status change detected: running
09:03:12  [mysql] 	Attempting to start MySQL app...
09:03:12  [mysql] 	Status change detected: running
09:12:13  [Apache] 	Attempting to stop Apache (PID: 5032)
09:12:13  [Apache] 	Attempting to stop Apache (PID: 7932)
09:12:13  [Apache] 	Status change detected: stopped
09:12:14  [mysql] 	Attempting to stop MySQL app...
09:12:14  [mysql] 	Status change detected: stopped
09:12:33  [Apache] 	Attempting to start Apache app...
09:12:33  [Apache] 	Status change detected: running
09:12:33  [mysql] 	Attempting to start MySQL app...
09:12:34  [mysql] 	Status change detected: running
09:58:06  [Apache] 	Attempting to stop Apache (PID: 11288)
09:58:06  [Apache] 	Attempting to stop Apache (PID: 3092)
09:58:06  [Apache] 	Status change detected: stopped
09:58:06  [mysql] 	Attempting to stop MySQL app...
09:58:07  [mysql] 	Status change detected: stopped
09:58:23  [Apache] 	Attempting to start Apache app...
09:58:23  [Apache] 	Status change detected: running
09:58:25  [mysql] 	Attempting to start MySQL app...
09:58:25  [mysql] 	Status change detected: running
10:08:11  [mysql] 	Attempting to stop MySQL app...
10:08:11  [Apache] 	Attempting to stop Apache (PID: 13084)
10:08:11  [Apache] 	Attempting to stop Apache (PID: 12032)
10:08:12  [Apache] 	Status change detected: stopped
10:08:12  [mysql] 	Status change detected: stopped
10:09:25  [mysql] 	Attempting to start MySQL app...
10:09:26  [Apache] 	Attempting to start Apache app...
10:09:26  [Apache] 	Status change detected: running
10:09:26  [mysql] 	Status change detected: running
10:12:56  [mysql] 	Attempting to stop MySQL app...
10:12:57  [mysql] 	Status change detected: stopped
10:12:57  [Apache] 	Attempting to stop Apache (PID: 6276)
10:12:57  [Apache] 	Attempting to stop Apache (PID: 11632)
10:12:57  [Apache] 	Status change detected: stopped
10:14:52  [mysql] 	Attempting to start MySQL app...
10:14:52  [mysql] 	Status change detected: running
10:14:52  [Apache] 	Attempting to start Apache app...
10:14:52  [Apache] 	Status change detected: running
10:14:54  [mysql] 	Status change detected: stopped
10:14:54  [mysql] 	Error: MySQL shutdown unexpectedly.
10:14:54  [mysql] 	This may be due to a blocked port, missing dependencies, 
10:14:54  [mysql] 	improper privileges, a crash, or a shutdown by another method.
10:14:54  [mysql] 	Press the Logs button to view error logs and check
10:14:54  [mysql] 	the Windows Event Viewer for more clues
10:14:54  [mysql] 	If you need more help, copy and post this
10:14:54  [mysql] 	entire log window on the forums
10:18:44  [mysql] 	Attempting to start MySQL app...
10:18:44  [mysql] 	Status change detected: running
10:18:45  [mysql] 	Status change detected: stopped
10:18:45  [mysql] 	Error: MySQL shutdown unexpectedly.
10:18:45  [mysql] 	This may be due to a blocked port, missing dependencies, 
10:18:45  [mysql] 	improper privileges, a crash, or a shutdown by another method.
10:18:45  [mysql] 	Press the Logs button to view error logs and check
10:18:45  [mysql] 	the Windows Event Viewer for more clues
10:18:45  [mysql] 	If you need more help, copy and post this
10:18:45  [mysql] 	entire log window on the forums
10:31:07  [mysql] 	Attempting to start MySQL app...
10:31:08  [mysql] 	Status change detected: running
11:46:35  [Apache] 	Attempting to stop Apache (PID: 14324)
11:46:35  [Apache] 	Attempting to stop Apache (PID: 3228)
11:46:36  [Apache] 	Status change detected: stopped
11:46:36  [mysql] 	Attempting to stop MySQL app...
11:46:37  [mysql] 	Status change detected: stopped
11:49:19  [main] 	Deinitializing Modules
11:49:19  [main] 	Deinitializing Control Panel

15:32:39  [main] 	Initializing Control Panel
15:32:39  [main] 	Windows Version:  Home  64-bit
15:32:39  [main] 	XAMPP Version: 8.0.10
15:32:39  [main] 	Control Panel Version: 3.3.0  [ Compiled: Apr 6th 2021 ]
15:32:39  [main] 	You are not running with administrator rights! This will work for
15:32:39  [main] 	most application stuff but whenever you do something with services
15:32:39  [main] 	there will be a security dialogue or things will break! So think 
15:32:39  [main] 	about running this application with administrator rights!
15:32:39  [main] 	XAMPP Installation Directory: "c:\users\steve\onedrive\escritorio\pruebas proyecto\mgmnt\backend\xampp\"
15:32:39  [main] 	WARNING: Your install directory contains spaces.  This may break programs/scripts
15:32:39  [main] 	Checking for prerequisites
15:32:41  [main] 	All prerequisites found
15:32:41  [main] 	Initializing Modules
15:32:41  [main] 	The FileZilla module is disabled
15:32:41  [main] 	The Mercury module is disabled
15:32:41  [main] 	Starting Check-Timer
15:32:41  [main] 	Control Panel Ready
15:32:48  [Apache] 	Attempting to start Apache app...
15:32:48  [Apache] 	Status change detected: running
15:32:49  [mysql] 	Attempting to start MySQL app...
15:32:49  [mysql] 	Status change detected: running
16:44:43  [mysql] 	Attempting to stop MySQL app...
16:44:43  [mysql] 	Status change detected: stopped
16:44:43  [Apache] 	Attempting to stop Apache (PID: 1264)
16:44:43  [Apache] 	Attempting to stop Apache (PID: 4572)
16:44:43  [Apache] 	Status change detected: stopped
23:18:24  [main] 	Deinitializing Modules
23:18:24  [main] 	Deinitializing Control Panel

08:54:32  [main] 	Initializing Control Panel
08:54:32  [main] 	Windows Version:  Home  64-bit
08:54:32  [main] 	XAMPP Version: 8.0.10
08:54:32  [main] 	Control Panel Version: 3.3.0  [ Compiled: Apr 6th 2021 ]
08:54:32  [main] 	You are not running with administrator rights! This will work for
08:54:32  [main] 	most application stuff but whenever you do something with services
08:54:32  [main] 	there will be a security dialogue or things will break! So think 
08:54:32  [main] 	about running this application with administrator rights!
08:54:32  [main] 	XAMPP Installation Directory: "c:\users\steve\onedrive\escritorio\pruebas proyecto\mgmnt\backend\xampp\"
08:54:32  [main] 	WARNING: Your install directory contains spaces.  This may break programs/scripts
08:54:32  [main] 	Checking for prerequisites
08:54:32  [main] 	All prerequisites found
08:54:32  [main] 	Initializing Modules
08:54:32  [main] 	The FileZilla module is disabled
08:54:32  [main] 	The Mercury module is disabled
08:54:32  [main] 	Starting Check-Timer
08:54:33  [main] 	Control Panel Ready
08:54:35  [Apache] 	Attempting to start Apache app...
08:54:35  [Apache] 	Status change detected: running
08:54:35  [mysql] 	Attempting to start MySQL app...
08:54:36  [mysql] 	Status change detected: running
14:48:26  [mysql] 	Attempting to stop MySQL app...
14:48:26  [mysql] 	Status change detected: stopped
14:48:26  [Apache] 	Attempting to stop Apache (PID: 12944)
14:48:26  [Apache] 	Attempting to stop Apache (PID: 10756)
14:48:26  [Apache] 	Status change detected: stopped
14:48:28  [Apache] 	Attempting to start Apache app...
14:48:28  [Apache] 	Status change detected: running
14:48:29  [mysql] 	Attempting to start MySQL app...
14:48:29  [mysql] 	Status change detected: running
15:41:16  [mysql] 	Attempting to stop MySQL app...
15:41:16  [mysql] 	Status change detected: stopped
15:41:16  [Apache] 	Attempting to stop Apache (PID: 9332)
15:41:16  [Apache] 	Attempting to stop Apache (PID: 5896)
15:41:17  [Apache] 	Status change detected: stopped
16:24:08  [mysql] 	Attempting to start MySQL app...
16:24:08  [mysql] 	Status change detected: running
16:24:08  [Apache] 	Attempting to start Apache app...
16:24:08  [Apache] 	Status change detected: running
17:48:11  [mysql] 	Attempting to stop MySQL app...
17:48:12  [Apache] 	Attempting to stop Apache (PID: 11316)
17:48:12  [Apache] 	Attempting to stop Apache (PID: 8728)
17:48:12  [Apache] 	Status change detected: stopped
17:48:12  [mysql] 	Status change detected: stopped
18:40:32  [mysql] 	Attempting to start MySQL app...
18:40:32  [mysql] 	Status change detected: running
18:40:56  [Apache] 	Attempting to start Apache app...
18:40:57  [Apache] 	Status change detected: running
20:32:20  [mysql] 	Attempting to stop MySQL app...
20:32:20  [Apache] 	Attempting to stop Apache (PID: 17460)
20:32:20  [Apache] 	Attempting to stop Apache (PID: 12980)
20:32:20  [Apache] 	Status change detected: stopped
20:32:20  [mysql] 	Status change detected: stopped
00:06:02  [main] 	Deinitializing Modules
00:06:02  [main] 	Deinitializing Control Panel

18:03:14  [main] 	Initializing Control Panel
18:03:14  [main] 	Windows Version:  Home  64-bit
18:03:14  [main] 	XAMPP Version: 8.0.10
18:03:14  [main] 	Control Panel Version: 3.3.0  [ Compiled: Apr 6th 2021 ]
18:03:14  [main] 	You are not running with administrator rights! This will work for
18:03:14  [main] 	most application stuff but whenever you do something with services
18:03:14  [main] 	there will be a security dialogue or things will break! So think 
18:03:14  [main] 	about running this application with administrator rights!
18:03:14  [main] 	XAMPP Installation Directory: "c:\users\steve\onedrive\escritorio\pruebas proyecto\mgmnt\backend\xampp\"
18:03:14  [main] 	WARNING: Your install directory contains spaces.  This may break programs/scripts
18:03:14  [main] 	Checking for prerequisites
18:03:15  [main] 	All prerequisites found
18:03:15  [main] 	Initializing Modules
18:03:15  [main] 	The FileZilla module is disabled
18:03:15  [main] 	The Mercury module is disabled
18:03:15  [main] 	Starting Check-Timer
18:03:15  [main] 	Control Panel Ready
18:03:17  [Apache] 	Attempting to start Apache app...
18:03:17  [Apache] 	Status change detected: running
18:03:20  [mysql] 	Attempting to start MySQL app...
18:03:20  [mysql] 	Status change detected: running
18:55:22  [Apache] 	Attempting to stop Apache (PID: 11852)
18:55:22  [Apache] 	Attempting to stop Apache (PID: 3152)
18:55:22  [Apache] 	Status change detected: stopped
18:55:22  [mysql] 	Attempting to stop MySQL app...
18:55:23  [mysql] 	Status change detected: stopped
18:55:25  [main] 	Deinitializing Modules
18:55:25  [main] 	Deinitializing Control Panel

14:11:07  [main] 	Initializing Control Panel
14:11:07  [main] 	Windows Version:  Home  64-bit
14:11:07  [main] 	XAMPP Version: 8.0.10
14:11:07  [main] 	Control Panel Version: 3.3.0  [ Compiled: Apr 6th 2021 ]
14:11:07  [main] 	You are not running with administrator rights! This will work for
14:11:07  [main] 	most application stuff but whenever you do something with services
14:11:07  [main] 	there will be a security dialogue or things will break! So think 
14:11:07  [main] 	about running this application with administrator rights!
14:11:07  [main] 	XAMPP Installation Directory: "c:\users\steve\onedrive\escritorio\repositorio\sistemainventarios\backend\xampp\"
14:11:07  [main] 	Checking for prerequisites
14:11:09  [main] 	All prerequisites found
14:11:09  [main] 	Initializing Modules
14:11:09  [main] 	The FileZilla module is disabled
14:11:09  [main] 	The Mercury module is disabled
14:11:09  [main] 	Starting Check-Timer
14:11:09  [main] 	Control Panel Ready
14:11:11  [Apache] 	Attempting to start Apache app...
14:11:11  [Apache] 	Status change detected: running
14:11:11  [mysql] 	Attempting to start MySQL app...
14:11:11  [mysql] 	Status change detected: running
15:14:11  [mysql] 	Attempting to stop MySQL app...
15:14:11  [mysql] 	Status change detected: stopped
15:14:12  [Apache] 	Attempting to stop Apache (PID: 7444)
15:14:12  [Apache] 	Attempting to stop Apache (PID: 5320)
15:14:12  [Apache] 	Status change detected: stopped
15:14:16  [main] 	Deinitializing Modules
15:14:16  [main] 	Deinitializing Control Panel

18:15:21  [main] 	Initializing Control Panel
18:15:21  [main] 	Windows Version:  Home  64-bit
18:15:21  [main] 	XAMPP Version: 8.0.10
18:15:21  [main] 	Control Panel Version: 3.3.0  [ Compiled: Apr 6th 2021 ]
18:15:21  [main] 	You are not running with administrator rights! This will work for
18:15:21  [main] 	most application stuff but whenever you do something with services
18:15:21  [main] 	there will be a security dialogue or things will break! So think 
18:15:21  [main] 	about running this application with administrator rights!
18:15:21  [main] 	XAMPP Installation Directory: "c:\users\steve\onedrive\escritorio\repositorio\sistemainventarios\backend\xampp\"
18:15:21  [main] 	Checking for prerequisites
18:15:23  [main] 	All prerequisites found
18:15:23  [main] 	Initializing Modules
18:15:23  [main] 	The FileZilla module is disabled
18:15:23  [main] 	The Mercury module is disabled
18:15:23  [main] 	Starting Check-Timer
18:15:23  [main] 	Control Panel Ready
18:15:31  [Apache] 	Attempting to start Apache app...
18:15:31  [Apache] 	Status change detected: running
18:15:34  [mysql] 	Attempting to start MySQL app...
18:15:34  [mysql] 	Status change detected: running
18:15:36  [mysql] 	Status change detected: stopped
18:15:36  [mysql] 	Error: MySQL shutdown unexpectedly.
18:15:36  [mysql] 	This may be due to a blocked port, missing dependencies, 
18:15:36  [mysql] 	improper privileges, a crash, or a shutdown by another method.
18:15:36  [mysql] 	Press the Logs button to view error logs and check
18:15:36  [mysql] 	the Windows Event Viewer for more clues
18:15:36  [mysql] 	If you need more help, copy and post this
18:15:36  [mysql] 	entire log window on the forums
18:16:07  [mysql] 	Attempting to start MySQL app...
18:16:07  [mysql] 	Status change detected: running
18:16:09  [mysql] 	Status change detected: stopped
18:16:09  [mysql] 	Error: MySQL shutdown unexpectedly.
18:16:09  [mysql] 	This may be due to a blocked port, missing dependencies, 
18:16:09  [mysql] 	improper privileges, a crash, or a shutdown by another method.
18:16:09  [mysql] 	Press the Logs button to view error logs and check
18:16:09  [mysql] 	the Windows Event Viewer for more clues
18:16:09  [mysql] 	If you need more help, copy and post this
18:16:09  [mysql] 	entire log window on the forums
18:16:24  [Apache] 	Attempting to stop Apache (PID: 17988)
18:16:24  [Apache] 	Attempting to stop Apache (PID: 16992)
18:16:24  [Apache] 	Status change detected: stopped
18:16:43  [mysql] 	Attempting to start MySQL app...
18:16:43  [mysql] 	Status change detected: running
18:16:45  [mysql] 	Status change detected: stopped
18:16:45  [mysql] 	Error: MySQL shutdown unexpectedly.
18:16:45  [mysql] 	This may be due to a blocked port, missing dependencies, 
18:16:45  [mysql] 	improper privileges, a crash, or a shutdown by another method.
18:16:45  [mysql] 	Press the Logs button to view error logs and check
18:16:45  [mysql] 	the Windows Event Viewer for more clues
18:16:45  [mysql] 	If you need more help, copy and post this
18:16:45  [mysql] 	entire log window on the forums
18:22:21  [main] 	Deinitializing Modules
18:22:21  [main] 	Deinitializing Control Panel

5:30:02  [main] 	Initializing Control Panel
5:30:02  [main] 	Windows Version:  Home  64-bit
5:30:02  [main] 	XAMPP Version: 8.0.10
5:30:02  [main] 	Control Panel Version: 3.3.0  [ Compiled: Apr 6th 2021 ]
5:30:02  [main] 	You are not running with administrator rights! This will work for
5:30:02  [main] 	most application stuff but whenever you do something with services
5:30:02  [main] 	there will be a security dialogue or things will break! So think 
5:30:02  [main] 	about running this application with administrator rights!
5:30:02  [main] 	XAMPP Installation Directory: "c:\hsb\sistemainventarios\backend\xampp\"
5:30:02  [main] 	Checking for prerequisites
5:30:03  [main] 	All prerequisites found
5:30:03  [main] 	Initializing Modules
5:30:03  [main] 	The FileZilla module is disabled
5:30:03  [main] 	The Mercury module is disabled
5:30:03  [main] 	Starting Check-Timer
5:30:03  [main] 	Control Panel Ready
5:30:10  [Apache] 	Attempting to start Apache app...
5:30:11  [Apache] 	Status change detected: running
5:30:19  [mysql] 	Attempting to start MySQL app...
5:30:19  [mysql] 	Status change detected: running
5:30:22  [mysql] 	Status change detected: stopped
5:30:22  [mysql] 	Error: MySQL shutdown unexpectedly.
5:30:22  [mysql] 	This may be due to a blocked port, missing dependencies, 
5:30:22  [mysql] 	improper privileges, a crash, or a shutdown by another method.
5:30:22  [mysql] 	Press the Logs button to view error logs and check
5:30:22  [mysql] 	the Windows Event Viewer for more clues
5:30:22  [mysql] 	If you need more help, copy and post this
5:30:22  [mysql] 	entire log window on the forums
5:30:29  [Apache] 	Attempting to stop Apache (PID: 12896)
5:30:29  [Apache] 	Attempting to stop Apache (PID: 15424)
5:30:30  [Apache] 	Status change detected: stopped
5:30:39  [main] 	Deinitializing Modules
5:30:39  [main] 	Deinitializing Control Panel

5:32:05  [main] 	Initializing Control Panel
5:32:05  [main] 	Windows Version:  Home  64-bit
5:32:05  [main] 	XAMPP Version: 8.0.10
5:32:05  [main] 	Control Panel Version: 3.3.0  [ Compiled: Apr 6th 2021 ]
5:32:05  [main] 	Running with Administrator rights - good!
5:32:05  [main] 	XAMPP Installation Directory: "c:\hsb\sistemainventarios\backend\xampp\"
5:32:05  [main] 	Checking for prerequisites
5:32:09  [main] 	All prerequisites found
5:32:09  [main] 	Initializing Modules
5:32:09  [main] 	The FileZilla module is disabled
5:32:09  [main] 	The Mercury module is disabled
5:32:09  [main] 	Starting Check-Timer
5:32:09  [main] 	Control Panel Ready
5:32:11  [mysql] 	Attempting to start MySQL app...
5:32:12  [mysql] 	Status change detected: running
5:32:18  [Apache] 	Attempting to start Apache app...
5:32:18  [Apache] 	Status change detected: running
6:02:38  [Apache] 	Attempting to stop Apache (PID: 15040)
6:02:38  [Apache] 	Attempting to stop Apache (PID: 15116)
6:02:38  [Apache] 	Status change detected: stopped
6:02:39  [mysql] 	Attempting to stop MySQL app...
6:02:39  [mysql] 	Status change detected: stopped
6:03:02  [main] 	Deinitializing Modules
6:03:02  [main] 	Deinitializing Control Panel

